<?xml version="1.0" encoding="UTF-8"?>
<!-- Generated by org.testng.reporters.JUnitXMLReporter -->
<testsuite ignored="0" hostname="DESKTOP-E5SOLVG" failures="5" tests="6" name="Test" time="34.356" errors="0" timestamp="2022-04-09T08:14:00 IST">
  <testcase classname="com.qa.testLayer.HomePageTest" name="VerifyFuctionalityClickonLiveElement" time="12.995"/>
  <testcase classname="com.qa.testLayer.HomePageTest" name="VerifyFunctionalityofSearchButton" time="34.122">
    <failure type="java.lang.StackOverflowError">
      <![CDATA[java.lang.StackOverflowError
at java.base/java.lang.Exception.<init>(Exception.java:103)
at java.base/java.lang.ReflectiveOperationException.<init>(ReflectiveOperationException.java:90)
at org.openqa.selenium.support.events.EventFiringWebDriver.lambda$new$0(EventFiringWebDriver.java:94)
at jdk.proxy2/jdk.proxy2.$Proxy13.onException(Unknown Source)
at org.openqa.selenium.support.events.EventFiringWebDriver.lambda$new$1(EventFiringWebDriver.java:117)
at jdk.proxy2/jdk.proxy2.$Proxy14.getScreenshotAs(Unknown Source)
at org.openqa.selenium.support.events.EventFiringWebDriver.getScreenshotAs(EventFiringWebDriver.java:312)
at com.qa.utility.CommanUtility.ScreenShot(CommanUtility.java:18)
at com.qa.utility.WebDriverListener.onException(WebDriverListener.java:146)
at org.openqa.selenium.support.events.EventFiringWebDriver.lambda$new$0(EventFiringWebDriver.java:94)
at jdk.proxy2/jdk.proxy2.$Proxy13.onException(Unknown Source)
at org.openqa.selenium.support.events.EventFiringWebDriver.lambda$new$1(EventFiringWebDriver.java:117)
at jdk.proxy2/jdk.proxy2.$Proxy14.getScreenshotAs(Unknown Source)
at org.openqa.selenium.support.events.EventFiringWebDriver.getScreenshotAs(EventFiringWebDriver.java:312)
at com.qa.utility.CommanUtility.ScreenShot(CommanUtility.java:18)
at com.qa.utility.WebDriverListener.onException(WebDriverListener.java:146)
at org.openqa.selenium.support.events.EventFiringWebDriver.lambda$new$0(EventFiringWebDriver.java:94)
at jdk.proxy2/jdk.proxy2.$Proxy13.onException(Unknown Source)
at org.openqa.selenium.support.events.EventFiringWebDriver.lambda$new$1(EventFiringWebDriver.java:117)
at jdk.proxy2/jdk.proxy2.$Proxy14.getScreenshotAs(Unknown Source)
at org.openqa.selenium.support.events.EventFiringWebDriver.getScreenshotAs(EventFiringWebDriver.java:312)
at com.qa.utility.CommanUtility.ScreenShot(CommanUtility.java:18)
at com.qa.utility.WebDriverListener.onException(WebDriverListener.java:146)
at org.openqa.selenium.support.events.EventFiringWebDriver.lambda$new$0(EventFiringWebDriver.java:94)
at jdk.proxy2/jdk.proxy2.$Proxy13.onException(Unknown Source)
at org.openqa.selenium.support.events.EventFiringWebDriver.lambda$new$1(EventFiringWebDriver.java:117)
at jdk.proxy2/jdk.proxy2.$Proxy14.getScreenshotAs(Unknown Source)
at org.openqa.selenium.support.events.EventFiringWebDriver.getScreenshotAs(EventFiringWebDriver.java:312)
at com.qa.utility.CommanUtility.ScreenShot(CommanUtility.java:18)
at com.qa.utility.WebDriverListener.onException(WebDriverListener.java:146)
at org.openqa.selenium.support.events.EventFiringWebDriver.lambda$new$0(EventFiringWebDriver.java:94)
at jdk.proxy2/jdk.proxy2.$Proxy13.onException(Unknown Source)
at org.openqa.selenium.support.events.EventFiringWebDriver.lambda$new$1(EventFiringWebDriver.java:117)
at jdk.proxy2/jdk.proxy2.$Proxy14.getScreenshotAs(Unknown Source)
at org.openqa.selenium.support.events.EventFiringWebDriver.getScreenshotAs(EventFiringWebDriver.java:312)
at com.qa.utility.CommanUtility.ScreenShot(CommanUtility.java:18)
at com.qa.utility.WebDriverListener.onException(WebDriverListener.java:146)
at org.openqa.selenium.support.events.EventFiringWebDriver.lambda$new$0(EventFiringWebDriver.java:94)
at jdk.proxy2/jdk.proxy2.$Proxy13.onException(Unknown Source)
at org.openqa.selenium.support.events.EventFiringWebDriver.lambda$new$1(EventFiringWebDriver.java:117)
at jdk.proxy2/jdk.proxy2.$Proxy14.getScreenshotAs(Unknown Source)
at org.openqa.selenium.support.events.EventFiringWebDriver.getScreenshotAs(EventFiringWebDriver.java:312)
at com.qa.utility.CommanUtility.ScreenShot(CommanUtility.java:18)
at com.qa.utility.WebDriverListener.onException(WebDriverListener.java:146)
at org.openqa.selenium.support.events.EventFiringWebDriver.lambda$new$0(EventFiringWebDriver.java:94)
at jdk.proxy2/jdk.proxy2.$Proxy13.onException(Unknown Source)
at org.openqa.selenium.support.events.EventFiringWebDriver.lambda$new$1(EventFiringWebDriver.java:117)
at jdk.proxy2/jdk.proxy2.$Proxy14.getScreenshotAs(Unknown Source)
at org.openqa.selenium.support.events.EventFiringWebDriver.getScreenshotAs(EventFiringWebDriver.java:312)
at com.qa.utility.CommanUtility.ScreenShot(CommanUtility.java:18)
at com.qa.utility.WebDriverListener.onException(WebDriverListener.java:146)
at org.openqa.selenium.support.events.EventFiringWebDriver.lambda$new$0(EventFiringWebDriver.java:94)
at jdk.proxy2/jdk.proxy2.$Proxy13.onException(Unknown Source)
at org.openqa.selenium.support.events.EventFiringWebDriver.lambda$new$1(EventFiringWebDriver.java:117)
at jdk.proxy2/jdk.proxy2.$Proxy14.getScreenshotAs(Unknown Source)
at org.openqa.selenium.support.events.EventFiringWebDriver.getScreenshotAs(EventFiringWebDriver.java:312)
at com.qa.utility.CommanUtility.ScreenShot(CommanUtility.java:18)
at com.qa.utility.WebDriverListener.onException(WebDriverListener.java:146)
at org.openqa.selenium.support.events.EventFiringWebDriver.lambda$new$0(EventFiringWebDriver.java:94)
at jdk.proxy2/jdk.proxy2.$Proxy13.onException(Unknown Source)
at org.openqa.selenium.support.events.EventFiringWebDriver.lambda$new$1(EventFiringWebDriver.java:117)
at jdk.proxy2/jdk.proxy2.$Proxy14.getScreenshotAs(Unknown Source)
at org.openqa.selenium.support.events.EventFiringWebDriver.getScreenshotAs(EventFiringWebDriver.java:312)
at com.qa.utility.CommanUtility.ScreenShot(CommanUtility.java:18)
at com.qa.utility.WebDriverListener.onException(WebDriverListener.java:146)
at org.openqa.selenium.support.events.EventFiringWebDriver.lambda$new$0(EventFiringWebDriver.java:94)
at jdk.proxy2/jdk.proxy2.$Proxy13.onException(Unknown Source)
at org.openqa.selenium.support.events.EventFiringWebDriver.lambda$new$1(EventFiringWebDriver.java:117)
at jdk.proxy2/jdk.proxy2.$Proxy14.getScreenshotAs(Unknown Source)
at org.openqa.selenium.support.events.EventFiringWebDriver.getScreenshotAs(EventFiringWebDriver.java:312)
at com.qa.utility.CommanUtility.ScreenShot(CommanUtility.java:18)
at com.qa.utility.WebDriverListener.onException(WebDriverListener.java:146)
at org.openqa.selenium.support.events.EventFiringWebDriver.lambda$new$0(EventFiringWebDriver.java:94)
at jdk.proxy2/jdk.proxy2.$Proxy13.onException(Unknown Source)
at org.openqa.selenium.support.events.EventFiringWebDriver.lambda$new$1(EventFiringWebDriver.java:117)
at jdk.proxy2/jdk.proxy2.$Proxy14.getScreenshotAs(Unknown Source)
at org.openqa.selenium.support.events.EventFiringWebDriver.getScreenshotAs(EventFiringWebDriver.java:312)
at com.qa.utility.CommanUtility.ScreenShot(CommanUtility.java:18)
at com.qa.utility.WebDriverListener.onException(WebDriverListener.java:146)
at org.openqa.selenium.support.events.EventFiringWebDriver.lambda$new$0(EventFiringWebDriver.java:94)
at jdk.proxy2/jdk.proxy2.$Proxy13.onException(Unknown Source)
at org.openqa.selenium.support.events.EventFiringWebDriver.lambda$new$1(EventFiringWebDriver.java:117)
at jdk.proxy2/jdk.proxy2.$Proxy14.getScreenshotAs(Unknown Source)
at org.openqa.selenium.support.events.EventFiringWebDriver.getScreenshotAs(EventFiringWebDriver.java:312)
at com.qa.utility.CommanUtility.ScreenShot(CommanUtility.java:18)
at com.qa.utility.WebDriverListener.onException(WebDriverListener.java:146)
at org.openqa.selenium.support.events.EventFiringWebDriver.lambda$new$0(EventFiringWebDriver.java:94)
at jdk.proxy2/jdk.proxy2.$Proxy13.onException(Unknown Source)
at org.openqa.selenium.support.events.EventFiringWebDriver.lambda$new$1(EventFiringWebDriver.java:117)
at jdk.proxy2/jdk.proxy2.$Proxy14.getScreenshotAs(Unknown Source)
at org.openqa.selenium.support.events.EventFiringWebDriver.getScreenshotAs(EventFiringWebDriver.java:312)
at com.qa.utility.CommanUtility.ScreenShot(CommanUtility.java:18)
at com.qa.utility.WebDriverListener.onException(WebDriverListener.java:146)
at org.openqa.selenium.support.events.EventFiringWebDriver.lambda$new$0(EventFiringWebDriver.java:94)
at jdk.proxy2/jdk.proxy2.$Proxy13.onException(Unknown Source)
at org.openqa.selenium.support.events.EventFiringWebDriver.lambda$new$1(EventFiringWebDriver.java:117)
at jdk.proxy2/jdk.proxy2.$Proxy14.getScreenshotAs(Unknown Source)
at org.openqa.selenium.support.events.EventFiringWebDriver.getScreenshotAs(EventFiringWebDriver.java:312)
at com.qa.utility.CommanUtility.ScreenShot(CommanUtility.java:18)
at com.qa.utility.WebDriverListener.onException(WebDriverListener.java:146)
at org.openqa.selenium.support.events.EventFiringWebDriver.lambda$new$0(EventFiringWebDriver.java:94)
at jdk.proxy2/jdk.proxy2.$Proxy13.onException(Unknown Source)
at org.openqa.selenium.support.events.EventFiringWebDriver.lambda$new$1(EventFiringWebDriver.java:117)
at jdk.proxy2/jdk.proxy2.$Proxy14.getScreenshotAs(Unknown Source)
at org.openqa.selenium.support.events.EventFiringWebDriver.getScreenshotAs(EventFiringWebDriver.java:312)
at com.qa.utility.CommanUtility.ScreenShot(CommanUtility.java:18)
at com.qa.utility.WebDriverListener.onException(WebDriverListener.java:146)
at org.openqa.selenium.support.events.EventFiringWebDriver.lambda$new$0(EventFiringWebDriver.java:94)
at jdk.proxy2/jdk.proxy2.$Proxy13.onException(Unknown Source)
at org.openqa.selenium.support.events.EventFiringWebDriver.lambda$new$1(EventFiringWebDriver.java:117)
at jdk.proxy2/jdk.proxy2.$Proxy14.getScreenshotAs(Unknown Source)
at org.openqa.selenium.support.events.EventFiringWebDriver.getScreenshotAs(EventFiringWebDriver.java:312)
at com.qa.utility.CommanUtility.ScreenShot(CommanUtility.java:18)
at com.qa.utility.WebDriverListener.onException(WebDriverListener.java:146)
at org.openqa.selenium.support.events.EventFiringWebDriver.lambda$new$0(EventFiringWebDriver.java:94)
at jdk.proxy2/jdk.proxy2.$Proxy13.onException(Unknown Source)
at org.openqa.selenium.support.events.EventFiringWebDriver.lambda$new$1(EventFiringWebDriver.java:117)
at jdk.proxy2/jdk.proxy2.$Proxy14.getScreenshotAs(Unknown Source)
at org.openqa.selenium.support.events.EventFiringWebDriver.getScreenshotAs(EventFiringWebDriver.java:312)
at com.qa.utility.CommanUtility.ScreenShot(CommanUtility.java:18)
at com.qa.utility.WebDriverListener.onException(WebDriverListener.java:146)
at org.openqa.selenium.support.events.EventFiringWebDriver.lambda$new$0(EventFiringWebDriver.java:94)
at jdk.proxy2/jdk.proxy2.$Proxy13.onException(Unknown Source)
at org.openqa.selenium.support.events.EventFiringWebDriver.lambda$new$1(EventFiringWebDriver.java:117)
at jdk.proxy2/jdk.proxy2.$Proxy14.getScreenshotAs(Unknown Source)
at org.openqa.selenium.support.events.EventFiringWebDriver.getScreenshotAs(EventFiringWebDriver.java:312)
at com.qa.utility.CommanUtility.ScreenShot(CommanUtility.java:18)
at com.qa.utility.WebDriverListener.onException(WebDriverListener.java:146)
at org.openqa.selenium.support.events.EventFiringWebDriver.lambda$new$0(EventFiringWebDriver.java:94)
at jdk.proxy2/jdk.proxy2.$Proxy13.onException(Unknown Source)
at org.openqa.selenium.support.events.EventFiringWebDriver.lambda$new$1(EventFiringWebDriver.java:117)
at jdk.proxy2/jdk.proxy2.$Proxy14.getScreenshotAs(Unknown Source)
at org.openqa.selenium.support.events.EventFiringWebDriver.getScreenshotAs(EventFiringWebDriver.java:312)
at com.qa.utility.CommanUtility.ScreenShot(CommanUtility.java:18)
at com.qa.utility.WebDriverListener.onException(WebDriverListener.java:146)
at org.openqa.selenium.support.events.EventFiringWebDriver.lambda$new$0(EventFiringWebDriver.java:94)
at jdk.proxy2/jdk.proxy2.$Proxy13.onException(Unknown Source)
at org.openqa.selenium.support.events.EventFiringWebDriver.lambda$new$1(EventFiringWebDriver.java:117)
at jdk.proxy2/jdk.proxy2.$Proxy14.getScreenshotAs(Unknown Source)
at org.openqa.selenium.support.events.EventFiringWebDriver.getScreenshotAs(EventFiringWebDriver.java:312)
at com.qa.utility.CommanUtility.ScreenShot(CommanUtility.java:18)
at com.qa.utility.WebDriverListener.onException(WebDriverListener.java:146)
at org.openqa.selenium.support.events.EventFiringWebDriver.lambda$new$0(EventFiringWebDriver.java:94)
at jdk.proxy2/jdk.proxy2.$Proxy13.onException(Unknown Source)
at org.openqa.selenium.support.events.EventFiringWebDriver.lambda$new$1(EventFiringWebDriver.java:117)
at jdk.proxy2/jdk.proxy2.$Proxy14.getScreenshotAs(Unknown Source)
at org.openqa.selenium.support.events.EventFiringWebDriver.getScreenshotAs(EventFiringWebDriver.java:312)
at com.qa.utility.CommanUtility.ScreenShot(CommanUtility.java:18)
at com.qa.utility.WebDriverListener.onException(WebDriverListener.java:146)
at org.openqa.selenium.support.events.EventFiringWebDriver.lambda$new$0(EventFiringWebDriver.java:94)
at jdk.proxy2/jdk.proxy2.$Proxy13.onException(Unknown Source)
at org.openqa.selenium.support.events.EventFiringWebDriver.lambda$new$1(EventFiringWebDriver.java:117)
at jdk.proxy2/jdk.proxy2.$Proxy14.getScreenshotAs(Unknown Source)
at org.openqa.selenium.support.events.EventFiringWebDriver.getScreenshotAs(EventFiringWebDriver.java:312)
at com.qa.utility.CommanUtility.ScreenShot(CommanUtility.java:18)
at com.qa.utility.WebDriverListener.onException(WebDriverListener.java:146)
at org.openqa.selenium.support.events.EventFiringWebDriver.lambda$new$0(EventFiringWebDriver.java:94)
at jdk.proxy2/jdk.proxy2.$Proxy13.onException(Unknown Source)
at org.openqa.selenium.support.events.EventFiringWebDriver.lambda$new$1(EventFiringWebDriver.java:117)
at jdk.proxy2/jdk.proxy2.$Proxy14.getScreenshotAs(Unknown Source)
at org.openqa.selenium.support.events.EventFiringWebDriver.getScreenshotAs(EventFiringWebDriver.java:312)
at com.qa.utility.CommanUtility.ScreenShot(CommanUtility.java:18)
at com.qa.utility.WebDriverListener.onException(WebDriverListener.java:146)
at org.openqa.selenium.support.events.EventFiringWebDriver.lambda$new$0(EventFiringWebDriver.java:94)
at jdk.proxy2/jdk.proxy2.$Proxy13.onException(Unknown Source)
at org.openqa.selenium.support.events.EventFiringWebDriver.lambda$new$1(EventFiringWebDriver.java:117)
at jdk.proxy2/jdk.proxy2.$Proxy14.getScreenshotAs(Unknown Source)
at org.openqa.selenium.support.events.EventFiringWebDriver.getScreenshotAs(EventFiringWebDriver.java:312)
at com.qa.utility.CommanUtility.ScreenShot(CommanUtility.java:18)
at com.qa.utility.WebDriverListener.onException(WebDriverListener.java:146)
at org.openqa.selenium.support.events.EventFiringWebDriver.lambda$new$0(EventFiringWebDriver.java:94)
at jdk.proxy2/jdk.proxy2.$Proxy13.onException(Unknown Source)
at org.openqa.selenium.support.events.EventFiringWebDriver.lambda$new$1(EventFiringWebDriver.java:117)
at jdk.proxy2/jdk.proxy2.$Proxy14.getScreenshotAs(Unknown Source)
at org.openqa.selenium.support.events.EventFiringWebDriver.getScreenshotAs(EventFiringWebDriver.java:312)
at com.qa.utility.CommanUtility.ScreenShot(CommanUtility.java:18)
at com.qa.utility.WebDriverListener.onException(WebDriverListener.java:146)
at org.openqa.selenium.support.events.EventFiringWebDriver.lambda$new$0(EventFiringWebDriver.java:94)
at jdk.proxy2/jdk.proxy2.$Proxy13.onException(Unknown Source)
at org.openqa.selenium.support.events.EventFiringWebDriver.lambda$new$1(EventFiringWebDriver.java:117)
at jdk.proxy2/jdk.proxy2.$Proxy14.getScreenshotAs(Unknown Source)
at org.openqa.selenium.support.events.EventFiringWebDriver.getScreenshotAs(EventFiringWebDriver.java:312)
at com.qa.utility.CommanUtility.ScreenShot(CommanUtility.java:18)
at com.qa.utility.WebDriverListener.onException(WebDriverListener.java:146)
at org.openqa.selenium.support.events.EventFiringWebDriver.lambda$new$0(EventFiringWebDriver.java:94)
at jdk.proxy2/jdk.proxy2.$Proxy13.onException(Unknown Source)
at org.openqa.selenium.support.events.EventFiringWebDriver.lambda$new$1(EventFiringWebDriver.java:117)
at jdk.proxy2/jdk.proxy2.$Proxy14.getScreenshotAs(Unknown Source)
at org.openqa.selenium.support.events.EventFiringWebDriver.getScreenshotAs(EventFiringWebDriver.java:312)
at com.qa.utility.CommanUtility.ScreenShot(CommanUtility.java:18)
at com.qa.utility.WebDriverListener.onException(WebDriverListener.java:146)
at org.openqa.selenium.support.events.EventFiringWebDriver.lambda$new$0(EventFiringWebDriver.java:94)
at jdk.proxy2/jdk.proxy2.$Proxy13.onException(Unknown Source)
at org.openqa.selenium.support.events.EventFiringWebDriver.lambda$new$1(EventFiringWebDriver.java:117)
at jdk.proxy2/jdk.proxy2.$Proxy14.getScreenshotAs(Unknown Source)
at org.openqa.selenium.support.events.EventFiringWebDriver.getScreenshotAs(EventFiringWebDriver.java:312)
at com.qa.utility.CommanUtility.ScreenShot(CommanUtility.java:18)
at com.qa.utility.WebDriverListener.onException(WebDriverListener.java:146)
at org.openqa.selenium.support.events.EventFiringWebDriver.lambda$new$0(EventFiringWebDriver.java:94)
at jdk.proxy2/jdk.proxy2.$Proxy13.onException(Unknown Source)
at org.openqa.selenium.support.events.EventFiringWebDriver.lambda$new$1(EventFiringWebDriver.java:117)
at jdk.proxy2/jdk.proxy2.$Proxy14.getScreenshotAs(Unknown Source)
at org.openqa.selenium.support.events.EventFiringWebDriver.getScreenshotAs(EventFiringWebDriver.java:312)
at com.qa.utility.CommanUtility.ScreenShot(CommanUtility.java:18)
at com.qa.utility.WebDriverListener.onException(WebDriverListener.java:146)
at org.openqa.selenium.support.events.EventFiringWebDriver.lambda$new$0(EventFiringWebDriver.java:94)
at jdk.proxy2/jdk.proxy2.$Proxy13.onException(Unknown Source)
at org.openqa.selenium.support.events.EventFiringWebDriver.lambda$new$1(EventFiringWebDriver.java:117)
at jdk.proxy2/jdk.proxy2.$Proxy14.getScreenshotAs(Unknown Source)
at org.openqa.selenium.support.events.EventFiringWebDriver.getScreenshotAs(EventFiringWebDriver.java:312)
at com.qa.utility.CommanUtility.ScreenShot(CommanUtility.java:18)
at com.qa.utility.WebDriverListener.onException(WebDriverListener.java:146)
at org.openqa.selenium.support.events.EventFiringWebDriver.lambda$new$0(EventFiringWebDriver.java:94)
at jdk.proxy2/jdk.proxy2.$Proxy13.onException(Unknown Source)
at org.openqa.selenium.support.events.EventFiringWebDriver.lambda$new$1(EventFiringWebDriver.java:117)
at jdk.proxy2/jdk.proxy2.$Proxy14.getScreenshotAs(Unknown Source)
at org.openqa.selenium.support.events.EventFiringWebDriver.getScreenshotAs(EventFiringWebDriver.java:312)
at com.qa.utility.CommanUtility.ScreenShot(CommanUtility.java:18)
at com.qa.utility.WebDriverListener.onException(WebDriverListener.java:146)
at org.openqa.selenium.support.events.EventFiringWebDriver.lambda$new$0(EventFiringWebDriver.java:94)
at jdk.proxy2/jdk.proxy2.$Proxy13.onException(Unknown Source)
at org.openqa.selenium.support.events.EventFiringWebDriver.lambda$new$1(EventFiringWebDriver.java:117)
at jdk.proxy2/jdk.proxy2.$Proxy14.getScreenshotAs(Unknown Source)
at org.openqa.selenium.support.events.EventFiringWebDriver.getScreenshotAs(EventFiringWebDriver.java:312)
at com.qa.utility.CommanUtility.ScreenShot(CommanUtility.java:18)
at com.qa.utility.WebDriverListener.onException(WebDriverListener.java:146)
at org.openqa.selenium.support.events.EventFiringWebDriver.lambda$new$0(EventFiringWebDriver.java:94)
at jdk.proxy2/jdk.proxy2.$Proxy13.onException(Unknown Source)
at org.openqa.selenium.support.events.EventFiringWebDriver.lambda$new$1(EventFiringWebDriver.java:117)
at jdk.proxy2/jdk.proxy2.$Proxy14.getScreenshotAs(Unknown Source)
at org.openqa.selenium.support.events.EventFiringWebDriver.getScreenshotAs(EventFiringWebDriver.java:312)
at com.qa.utility.CommanUtility.ScreenShot(CommanUtility.java:18)
at com.qa.utility.WebDriverListener.onException(WebDriverListener.java:146)
at org.openqa.selenium.support.events.EventFiringWebDriver.lambda$new$0(EventFiringWebDriver.java:94)
at jdk.proxy2/jdk.proxy2.$Proxy13.onException(Unknown Source)
at org.openqa.selenium.support.events.EventFiringWebDriver.lambda$new$1(EventFiringWebDriver.java:117)
at jdk.proxy2/jdk.proxy2.$Proxy14.getScreenshotAs(Unknown Source)
at org.openqa.selenium.support.events.EventFiringWebDriver.getScreenshotAs(EventFiringWebDriver.java:312)
at com.qa.utility.CommanUtility.ScreenShot(CommanUtility.java:18)
at com.qa.utility.WebDriverListener.onException(WebDriverListener.java:146)
at org.openqa.selenium.support.events.EventFiringWebDriver.lambda$new$0(EventFiringWebDriver.java:94)
at jdk.proxy2/jdk.proxy2.$Proxy13.onException(Unknown Source)
at org.openqa.selenium.support.events.EventFiringWebDriver.lambda$new$1(EventFiringWebDriver.java:117)
at jdk.proxy2/jdk.proxy2.$Proxy14.getScreenshotAs(Unknown Source)
at org.openqa.selenium.support.events.EventFiringWebDriver.getScreenshotAs(EventFiringWebDriver.java:312)
at com.qa.utility.CommanUtility.ScreenShot(CommanUtility.java:18)
at com.qa.utility.WebDriverListener.onException(WebDriverListener.java:146)
at org.openqa.selenium.support.events.EventFiringWebDriver.lambda$new$0(EventFiringWebDriver.java:94)
at jdk.proxy2/jdk.proxy2.$Proxy13.onException(Unknown Source)
at org.openqa.selenium.support.events.EventFiringWebDriver.lambda$new$1(EventFiringWebDriver.java:117)
at jdk.proxy2/jdk.proxy2.$Proxy14.getScreenshotAs(Unknown Source)
at org.openqa.selenium.support.events.EventFiringWebDriver.getScreenshotAs(EventFiringWebDriver.java:312)
at com.qa.utility.CommanUtility.ScreenShot(CommanUtility.java:18)
at com.qa.utility.WebDriverListener.onException(WebDriverListener.java:146)
at org.openqa.selenium.support.events.EventFiringWebDriver.lambda$new$0(EventFiringWebDriver.java:94)
at jdk.proxy2/jdk.proxy2.$Proxy13.onException(Unknown Source)
at org.openqa.selenium.support.events.EventFiringWebDriver.lambda$new$1(EventFiringWebDriver.java:117)
at jdk.proxy2/jdk.proxy2.$Proxy14.getScreenshotAs(Unknown Source)
at org.openqa.selenium.support.events.EventFiringWebDriver.getScreenshotAs(EventFiringWebDriver.java:312)
at com.qa.utility.CommanUtility.ScreenShot(CommanUtility.java:18)
at com.qa.utility.WebDriverListener.onException(WebDriverListener.java:146)
at org.openqa.selenium.support.events.EventFiringWebDriver.lambda$new$0(EventFiringWebDriver.java:94)
at jdk.proxy2/jdk.proxy2.$Proxy13.onException(Unknown Source)
at org.openqa.selenium.support.events.EventFiringWebDriver.lambda$new$1(EventFiringWebDriver.java:117)
at jdk.proxy2/jdk.proxy2.$Proxy14.getScreenshotAs(Unknown Source)
at org.openqa.selenium.support.events.EventFiringWebDriver.getScreenshotAs(EventFiringWebDriver.java:312)
at com.qa.utility.CommanUtility.ScreenShot(CommanUtility.java:18)
at com.qa.utility.WebDriverListener.onException(WebDriverListener.java:146)
at org.openqa.selenium.support.events.EventFiringWebDriver.lambda$new$0(EventFiringWebDriver.java:94)
at jdk.proxy2/jdk.proxy2.$Proxy13.onException(Unknown Source)
at org.openqa.selenium.support.events.EventFiringWebDriver.lambda$new$1(EventFiringWebDriver.java:117)
at jdk.proxy2/jdk.proxy2.$Proxy14.getScreenshotAs(Unknown Source)
at org.openqa.selenium.support.events.EventFiringWebDriver.getScreenshotAs(EventFiringWebDriver.java:312)
at com.qa.utility.CommanUtility.ScreenShot(CommanUtility.java:18)
at com.qa.utility.WebDriverListener.onException(WebDriverListener.java:146)
at org.openqa.selenium.support.events.EventFiringWebDriver.lambda$new$0(EventFiringWebDriver.java:94)
at jdk.proxy2/jdk.proxy2.$Proxy13.onException(Unknown Source)
at org.openqa.selenium.support.events.EventFiringWebDriver.lambda$new$1(EventFiringWebDriver.java:117)
at jdk.proxy2/jdk.proxy2.$Proxy14.getScreenshotAs(Unknown Source)
at org.openqa.selenium.support.events.EventFiringWebDriver.getScreenshotAs(EventFiringWebDriver.java:312)
at com.qa.utility.CommanUtility.ScreenShot(CommanUtility.java:18)
at com.qa.utility.WebDriverListener.onException(WebDriverListener.java:146)
at org.openqa.selenium.support.events.EventFiringWebDriver.lambda$new$0(EventFiringWebDriver.java:94)
at jdk.proxy2/jdk.proxy2.$Proxy13.onException(Unknown Source)
at org.openqa.selenium.support.events.EventFiringWebDriver.lambda$new$1(EventFiringWebDriver.java:117)
at jdk.proxy2/jdk.proxy2.$Proxy14.getScreenshotAs(Unknown Source)
at org.openqa.selenium.support.events.EventFiringWebDriver.getScreenshotAs(EventFiringWebDriver.java:312)
at com.qa.utility.CommanUtility.ScreenShot(CommanUtility.java:18)
at com.qa.utility.WebDriverListener.onException(WebDriverListener.java:146)
at org.openqa.selenium.support.events.EventFiringWebDriver.lambda$new$0(EventFiringWebDriver.java:94)
at jdk.proxy2/jdk.proxy2.$Proxy13.onException(Unknown Source)
at org.openqa.selenium.support.events.EventFiringWebDriver.lambda$new$1(EventFiringWebDriver.java:117)
at jdk.proxy2/jdk.proxy2.$Proxy14.getScreenshotAs(Unknown Source)
at org.openqa.selenium.support.events.EventFiringWebDriver.getScreenshotAs(EventFiringWebDriver.java:312)
at com.qa.utility.CommanUtility.ScreenShot(CommanUtility.java:18)
at com.qa.utility.WebDriverListener.onException(WebDriverListener.java:146)
at org.openqa.selenium.support.events.EventFiringWebDriver.lambda$new$0(EventFiringWebDriver.java:94)
at jdk.proxy2/jdk.proxy2.$Proxy13.onException(Unknown Source)
at org.openqa.selenium.support.events.EventFiringWebDriver.lambda$new$1(EventFiringWebDriver.java:117)
at jdk.proxy2/jdk.proxy2.$Proxy14.getScreenshotAs(Unknown Source)
at org.openqa.selenium.support.events.EventFiringWebDriver.getScreenshotAs(EventFiringWebDriver.java:312)
at com.qa.utility.CommanUtility.ScreenShot(CommanUtility.java:18)
at com.qa.utility.WebDriverListener.onException(WebDriverListener.java:146)
at org.openqa.selenium.support.events.EventFiringWebDriver.lambda$new$0(EventFiringWebDriver.java:94)
at jdk.proxy2/jdk.proxy2.$Proxy13.onException(Unknown Source)
at org.openqa.selenium.support.events.EventFiringWebDriver.lambda$new$1(EventFiringWebDriver.java:117)
at jdk.proxy2/jdk.proxy2.$Proxy14.getScreenshotAs(Unknown Source)
at org.openqa.selenium.support.events.EventFiringWebDriver.getScreenshotAs(EventFiringWebDriver.java:312)
at com.qa.utility.CommanUtility.ScreenShot(CommanUtility.java:18)
at com.qa.utility.WebDriverListener.onException(WebDriverListener.java:146)
at org.openqa.selenium.support.events.EventFiringWebDriver.lambda$new$0(EventFiringWebDriver.java:94)
at jdk.proxy2/jdk.proxy2.$Proxy13.onException(Unknown Source)
at org.openqa.selenium.support.events.EventFiringWebDriver.lambda$new$1(EventFiringWebDriver.java:117)
at jdk.proxy2/jdk.proxy2.$Proxy14.getScreenshotAs(Unknown Source)
at org.openqa.selenium.support.events.EventFiringWebDriver.getScreenshotAs(EventFiringWebDriver.java:312)
at com.qa.utility.CommanUtility.ScreenShot(CommanUtility.java:18)
at com.qa.utility.WebDriverListener.onException(WebDriverListener.java:146)
at org.openqa.selenium.support.events.EventFiringWebDriver.lambda$new$0(EventFiringWebDriver.java:94)
at jdk.proxy2/jdk.proxy2.$Proxy13.onException(Unknown Source)
at org.openqa.selenium.support.events.EventFiringWebDriver.lambda$new$1(EventFiringWebDriver.java:117)
at jdk.proxy2/jdk.proxy2.$Proxy14.getScreenshotAs(Unknown Source)
at org.openqa.selenium.support.events.EventFiringWebDriver.getScreenshotAs(EventFiringWebDriver.java:312)
at com.qa.utility.CommanUtility.ScreenShot(CommanUtility.java:18)
at com.qa.utility.WebDriverListener.onException(WebDriverListener.java:146)
at org.openqa.selenium.support.events.EventFiringWebDriver.lambda$new$0(EventFiringWebDriver.java:94)
at jdk.proxy2/jdk.proxy2.$Proxy13.onException(Unknown Source)
at org.openqa.selenium.support.events.EventFiringWebDriver.lambda$new$1(EventFiringWebDriver.java:117)
at jdk.proxy2/jdk.proxy2.$Proxy14.getScreenshotAs(Unknown Source)
at org.openqa.selenium.support.events.EventFiringWebDriver.getScreenshotAs(EventFiringWebDriver.java:312)
at com.qa.utility.CommanUtility.ScreenShot(CommanUtility.java:18)
at com.qa.utility.WebDriverListener.onException(WebDriverListener.java:146)
at org.openqa.selenium.support.events.EventFiringWebDriver.lambda$new$0(EventFiringWebDriver.java:94)
at jdk.proxy2/jdk.proxy2.$Proxy13.onException(Unknown Source)
at org.openqa.selenium.support.events.EventFiringWebDriver.lambda$new$1(EventFiringWebDriver.java:117)
at jdk.proxy2/jdk.proxy2.$Proxy14.getScreenshotAs(Unknown Source)
at org.openqa.selenium.support.events.EventFiringWebDriver.getScreenshotAs(EventFiringWebDriver.java:312)
at com.qa.utility.CommanUtility.ScreenShot(CommanUtility.java:18)
at com.qa.utility.WebDriverListener.onException(WebDriverListener.java:146)
at org.openqa.selenium.support.events.EventFiringWebDriver.lambda$new$0(EventFiringWebDriver.java:94)
at jdk.proxy2/jdk.proxy2.$Proxy13.onException(Unknown Source)
at org.openqa.selenium.support.events.EventFiringWebDriver.lambda$new$1(EventFiringWebDriver.java:117)
at jdk.proxy2/jdk.proxy2.$Proxy14.getScreenshotAs(Unknown Source)
at org.openqa.selenium.support.events.EventFiringWebDriver.getScreenshotAs(EventFiringWebDriver.java:312)
at com.qa.utility.CommanUtility.ScreenShot(CommanUtility.java:18)
at com.qa.utility.WebDriverListener.onException(WebDriverListener.java:146)
at org.openqa.selenium.support.events.EventFiringWebDriver.lambda$new$0(EventFiringWebDriver.java:94)
at jdk.proxy2/jdk.proxy2.$Proxy13.onException(Unknown Source)
at org.openqa.selenium.support.events.EventFiringWebDriver.lambda$new$1(EventFiringWebDriver.java:117)
at jdk.proxy2/jdk.proxy2.$Proxy14.getScreenshotAs(Unknown Source)
at org.openqa.selenium.support.events.EventFiringWebDriver.getScreenshotAs(EventFiringWebDriver.java:312)
at com.qa.utility.CommanUtility.ScreenShot(CommanUtility.java:18)
at com.qa.utility.WebDriverListener.onException(WebDriverListener.java:146)
at org.openqa.selenium.support.events.EventFiringWebDriver.lambda$new$0(EventFiringWebDriver.java:94)
at jdk.proxy2/jdk.proxy2.$Proxy13.onException(Unknown Source)
at org.openqa.selenium.support.events.EventFiringWebDriver.lambda$new$1(EventFiringWebDriver.java:117)
at jdk.proxy2/jdk.proxy2.$Proxy14.getScreenshotAs(Unknown Source)
at org.openqa.selenium.support.events.EventFiringWebDriver.getScreenshotAs(EventFiringWebDriver.java:312)
at com.qa.utility.CommanUtility.ScreenShot(CommanUtility.java:18)
at com.qa.utility.WebDriverListener.onException(WebDriverListener.java:146)
at org.openqa.selenium.support.events.EventFiringWebDriver.lambda$new$0(EventFiringWebDriver.java:94)
at jdk.proxy2/jdk.proxy2.$Proxy13.onException(Unknown Source)
at org.openqa.selenium.support.events.EventFiringWebDriver.lambda$new$1(EventFiringWebDriver.java:117)
at jdk.proxy2/jdk.proxy2.$Proxy14.getScreenshotAs(Unknown Source)
at org.openqa.selenium.support.events.EventFiringWebDriver.getScreenshotAs(EventFiringWebDriver.java:312)
at com.qa.utility.CommanUtility.ScreenShot(CommanUtility.java:18)
at com.qa.utility.WebDriverListener.onException(WebDriverListener.java:146)
at org.openqa.selenium.support.events.EventFiringWebDriver.lambda$new$0(EventFiringWebDriver.java:94)
at jdk.proxy2/jdk.proxy2.$Proxy13.onException(Unknown Source)
at org.openqa.selenium.support.events.EventFiringWebDriver.lambda$new$1(EventFiringWebDriver.java:117)
at jdk.proxy2/jdk.proxy2.$Proxy14.getScreenshotAs(Unknown Source)
at org.openqa.selenium.support.events.EventFiringWebDriver.getScreenshotAs(EventFiringWebDriver.java:312)
at com.qa.utility.CommanUtility.ScreenShot(CommanUtility.java:18)
at com.qa.utility.WebDriverListener.onException(WebDriverListener.java:146)
at org.openqa.selenium.support.events.EventFiringWebDriver.lambda$new$0(EventFiringWebDriver.java:94)
at jdk.proxy2/jdk.proxy2.$Proxy13.onException(Unknown Source)
at org.openqa.selenium.support.events.EventFiringWebDriver.lambda$new$1(EventFiringWebDriver.java:117)
at jdk.proxy2/jdk.proxy2.$Proxy14.getScreenshotAs(Unknown Source)
at org.openqa.selenium.support.events.EventFiringWebDriver.getScreenshotAs(EventFiringWebDriver.java:312)
at com.qa.utility.CommanUtility.ScreenShot(CommanUtility.java:18)
at com.qa.utility.WebDriverListener.onException(WebDriverListener.java:146)
at org.openqa.selenium.support.events.EventFiringWebDriver.lambda$new$0(EventFiringWebDriver.java:94)
at jdk.proxy2/jdk.proxy2.$Proxy13.onException(Unknown Source)
at org.openqa.selenium.support.events.EventFiringWebDriver.lambda$new$1(EventFiringWebDriver.java:117)
at jdk.proxy2/jdk.proxy2.$Proxy14.getScreenshotAs(Unknown Source)
at org.openqa.selenium.support.events.EventFiringWebDriver.getScreenshotAs(EventFiringWebDriver.java:312)
at com.qa.utility.CommanUtility.ScreenShot(CommanUtility.java:18)
at com.qa.utility.WebDriverListener.onException(WebDriverListener.java:146)
at org.openqa.selenium.support.events.EventFiringWebDriver.lambda$new$0(EventFiringWebDriver.java:94)
at jdk.proxy2/jdk.proxy2.$Proxy13.onException(Unknown Source)
at org.openqa.selenium.support.events.EventFiringWebDriver.lambda$new$1(EventFiringWebDriver.java:117)
at jdk.proxy2/jdk.proxy2.$Proxy14.getScreenshotAs(Unknown Source)
at org.openqa.selenium.support.events.EventFiringWebDriver.getScreenshotAs(EventFiringWebDriver.java:312)
at com.qa.utility.CommanUtility.ScreenShot(CommanUtility.java:18)
at com.qa.utility.WebDriverListener.onException(WebDriverListener.java:146)
at org.openqa.selenium.support.events.EventFiringWebDriver.lambda$new$0(EventFiringWebDriver.java:94)
at jdk.proxy2/jdk.proxy2.$Proxy13.onException(Unknown Source)
at org.openqa.selenium.support.events.EventFiringWebDriver.lambda$new$1(EventFiringWebDriver.java:117)
at jdk.proxy2/jdk.proxy2.$Proxy14.getScreenshotAs(Unknown Source)
at org.openqa.selenium.support.events.EventFiringWebDriver.getScreenshotAs(EventFiringWebDriver.java:312)
at com.qa.utility.CommanUtility.ScreenShot(CommanUtility.java:18)
at com.qa.utility.WebDriverListener.onException(WebDriverListener.java:146)
at org.openqa.selenium.support.events.EventFiringWebDriver.lambda$new$0(EventFiringWebDriver.java:94)
at jdk.proxy2/jdk.proxy2.$Proxy13.onException(Unknown Source)
at org.openqa.selenium.support.events.EventFiringWebDriver.lambda$new$1(EventFiringWebDriver.java:117)
at jdk.proxy2/jdk.proxy2.$Proxy14.getScreenshotAs(Unknown Source)
at org.openqa.selenium.support.events.EventFiringWebDriver.getScreenshotAs(EventFiringWebDriver.java:312)
at com.qa.utility.CommanUtility.ScreenShot(CommanUtility.java:18)
at com.qa.utility.WebDriverListener.onException(WebDriverListener.java:146)
at org.openqa.selenium.support.events.EventFiringWebDriver.lambda$new$0(EventFiringWebDriver.java:94)
at jdk.proxy2/jdk.proxy2.$Proxy13.onException(Unknown Source)
at org.openqa.selenium.support.events.EventFiringWebDriver.lambda$new$1(EventFiringWebDriver.java:117)
at jdk.proxy2/jdk.proxy2.$Proxy14.getScreenshotAs(Unknown Source)
at org.openqa.selenium.support.events.EventFiringWebDriver.getScreenshotAs(EventFiringWebDriver.java:312)
at com.qa.utility.CommanUtility.ScreenShot(CommanUtility.java:18)
at com.qa.utility.WebDriverListener.onException(WebDriverListener.java:146)
at org.openqa.selenium.support.events.EventFiringWebDriver.lambda$new$0(EventFiringWebDriver.java:94)
at jdk.proxy2/jdk.proxy2.$Proxy13.onException(Unknown Source)
at org.openqa.selenium.support.events.EventFiringWebDriver.lambda$new$1(EventFiringWebDriver.java:117)
at jdk.proxy2/jdk.proxy2.$Proxy14.getScreenshotAs(Unknown Source)
at org.openqa.selenium.support.events.EventFiringWebDriver.getScreenshotAs(EventFiringWebDriver.java:312)
at com.qa.utility.CommanUtility.ScreenShot(CommanUtility.java:18)
at com.qa.utility.WebDriverListener.onException(WebDriverListener.java:146)
at org.openqa.selenium.support.events.EventFiringWebDriver.lambda$new$0(EventFiringWebDriver.java:94)
at jdk.proxy2/jdk.proxy2.$Proxy13.onException(Unknown Source)
at org.openqa.selenium.support.events.EventFiringWebDriver.lambda$new$1(EventFiringWebDriver.java:117)
at jdk.proxy2/jdk.proxy2.$Proxy14.getScreenshotAs(Unknown Source)
at org.openqa.selenium.support.events.EventFiringWebDriver.getScreenshotAs(EventFiringWebDriver.java:312)
at com.qa.utility.CommanUtility.ScreenShot(CommanUtility.java:18)
at com.qa.utility.WebDriverListener.onException(WebDriverListener.java:146)
at org.openqa.selenium.support.events.EventFiringWebDriver.lambda$new$0(EventFiringWebDriver.java:94)
at jdk.proxy2/jdk.proxy2.$Proxy13.onException(Unknown Source)
at org.openqa.selenium.support.events.EventFiringWebDriver.lambda$new$1(EventFiringWebDriver.java:117)
at jdk.proxy2/jdk.proxy2.$Proxy14.getScreenshotAs(Unknown Source)
at org.openqa.selenium.support.events.EventFiringWebDriver.getScreenshotAs(EventFiringWebDriver.java:312)
at com.qa.utility.CommanUtility.ScreenShot(CommanUtility.java:18)
at com.qa.utility.WebDriverListener.onException(WebDriverListener.java:146)
at org.openqa.selenium.support.events.EventFiringWebDriver.lambda$new$0(EventFiringWebDriver.java:94)
at jdk.proxy2/jdk.proxy2.$Proxy13.onException(Unknown Source)
at org.openqa.selenium.support.events.EventFiringWebDriver.lambda$new$1(EventFiringWebDriver.java:117)
at jdk.proxy2/jdk.proxy2.$Proxy14.getScreenshotAs(Unknown Source)
at org.openqa.selenium.support.events.EventFiringWebDriver.getScreenshotAs(EventFiringWebDriver.java:312)
at com.qa.utility.CommanUtility.ScreenShot(CommanUtility.java:18)
at com.qa.utility.WebDriverListener.onException(WebDriverListener.java:146)
at org.openqa.selenium.support.events.EventFiringWebDriver.lambda$new$0(EventFiringWebDriver.java:94)
at jdk.proxy2/jdk.proxy2.$Proxy13.onException(Unknown Source)
at org.openqa.selenium.support.events.EventFiringWebDriver.lambda$new$1(EventFiringWebDriver.java:117)
at jdk.proxy2/jdk.proxy2.$Proxy14.getScreenshotAs(Unknown Source)
at org.openqa.selenium.support.events.EventFiringWebDriver.getScreenshotAs(EventFiringWebDriver.java:312)
at com.qa.utility.CommanUtility.ScreenShot(CommanUtility.java:18)
at com.qa.utility.WebDriverListener.onException(WebDriverListener.java:146)
at org.openqa.selenium.support.events.EventFiringWebDriver.lambda$new$0(EventFiringWebDriver.java:94)
at jdk.proxy2/jdk.proxy2.$Proxy13.onException(Unknown Source)
at org.openqa.selenium.support.events.EventFiringWebDriver.lambda$new$1(EventFiringWebDriver.java:117)
at jdk.proxy2/jdk.proxy2.$Proxy14.getScreenshotAs(Unknown Source)
at org.openqa.selenium.support.events.EventFiringWebDriver.getScreenshotAs(EventFiringWebDriver.java:312)
at com.qa.utility.CommanUtility.ScreenShot(CommanUtility.java:18)
at com.qa.utility.WebDriverListener.onException(WebDriverListener.java:146)
at org.openqa.selenium.support.events.EventFiringWebDriver.lambda$new$0(EventFiringWebDriver.java:94)
at jdk.proxy2/jdk.proxy2.$Proxy13.onException(Unknown Source)
at org.openqa.selenium.support.events.EventFiringWebDriver.lambda$new$1(EventFiringWebDriver.java:117)
at jdk.proxy2/jdk.proxy2.$Proxy14.getScreenshotAs(Unknown Source)
at org.openqa.selenium.support.events.EventFiringWebDriver.getScreenshotAs(EventFiringWebDriver.java:312)
at com.qa.utility.CommanUtility.ScreenShot(CommanUtility.java:18)
at com.qa.utility.WebDriverListener.onException(WebDriverListener.java:146)
at org.openqa.selenium.support.events.EventFiringWebDriver.lambda$new$0(EventFiringWebDriver.java:94)
at jdk.proxy2/jdk.proxy2.$Proxy13.onException(Unknown Source)
at org.openqa.selenium.support.events.EventFiringWebDriver.lambda$new$1(EventFiringWebDriver.java:117)
at jdk.proxy2/jdk.proxy2.$Proxy14.getScreenshotAs(Unknown Source)
at org.openqa.selenium.support.events.EventFiringWebDriver.getScreenshotAs(EventFiringWebDriver.java:312)
at com.qa.utility.CommanUtility.ScreenShot(CommanUtility.java:18)
at com.qa.utility.WebDriverListener.onException(WebDriverListener.java:146)
at org.openqa.selenium.support.events.EventFiringWebDriver.lambda$new$0(EventFiringWebDriver.java:94)
at jdk.proxy2/jdk.proxy2.$Proxy13.onException(Unknown Source)
at org.openqa.selenium.support.events.EventFiringWebDriver.lambda$new$1(EventFiringWebDriver.java:117)
at jdk.proxy2/jdk.proxy2.$Proxy14.getScreenshotAs(Unknown Source)
at org.openqa.selenium.support.events.EventFiringWebDriver.getScreenshotAs(EventFiringWebDriver.java:312)
at com.qa.utility.CommanUtility.ScreenShot(CommanUtility.java:18)
at com.qa.utility.WebDriverListener.onException(WebDriverListener.java:146)
at org.openqa.selenium.support.events.EventFiringWebDriver.lambda$new$0(EventFiringWebDriver.java:94)
at jdk.proxy2/jdk.proxy2.$Proxy13.onException(Unknown Source)
at org.openqa.selenium.support.events.EventFiringWebDriver.lambda$new$1(EventFiringWebDriver.java:117)
at jdk.proxy2/jdk.proxy2.$Proxy14.getScreenshotAs(Unknown Source)
at org.openqa.selenium.support.events.EventFiringWebDriver.getScreenshotAs(EventFiringWebDriver.java:312)
at com.qa.utility.CommanUtility.ScreenShot(CommanUtility.java:18)
at com.qa.utility.WebDriverListener.onException(WebDriverListener.java:146)
at org.openqa.selenium.support.events.EventFiringWebDriver.lambda$new$0(EventFiringWebDriver.java:94)
at jdk.proxy2/jdk.proxy2.$Proxy13.onException(Unknown Source)
at org.openqa.selenium.support.events.EventFiringWebDriver.lambda$new$1(EventFiringWebDriver.java:117)
at jdk.proxy2/jdk.proxy2.$Proxy14.getScreenshotAs(Unknown Source)
at org.openqa.selenium.support.events.EventFiringWebDriver.getScreenshotAs(EventFiringWebDriver.java:312)
at com.qa.utility.CommanUtility.ScreenShot(CommanUtility.java:18)
at com.qa.utility.WebDriverListener.onException(WebDriverListener.java:146)
at org.openqa.selenium.support.events.EventFiringWebDriver.lambda$new$0(EventFiringWebDriver.java:94)
at jdk.proxy2/jdk.proxy2.$Proxy13.onException(Unknown Source)
at org.openqa.selenium.support.events.EventFiringWebDriver.lambda$new$1(EventFiringWebDriver.java:117)
at jdk.proxy2/jdk.proxy2.$Proxy14.getScreenshotAs(Unknown Source)
at org.openqa.selenium.support.events.EventFiringWebDriver.getScreenshotAs(EventFiringWebDriver.java:312)
at com.qa.utility.CommanUtility.ScreenShot(CommanUtility.java:18)
at com.qa.utility.WebDriverListener.onException(WebDriverListener.java:146)
at org.openqa.selenium.support.events.EventFiringWebDriver.lambda$new$0(EventFiringWebDriver.java:94)
at jdk.proxy2/jdk.proxy2.$Proxy13.onException(Unknown Source)
at org.openqa.selenium.support.events.EventFiringWebDriver.lambda$new$1(EventFiringWebDriver.java:117)
at jdk.proxy2/jdk.proxy2.$Proxy14.getScreenshotAs(Unknown Source)
at org.openqa.selenium.support.events.EventFiringWebDriver.getScreenshotAs(EventFiringWebDriver.java:312)
at com.qa.utility.CommanUtility.ScreenShot(CommanUtility.java:18)
at com.qa.utility.WebDriverListener.onException(WebDriverListener.java:146)
at org.openqa.selenium.support.events.EventFiringWebDriver.lambda$new$0(EventFiringWebDriver.java:94)
at jdk.proxy2/jdk.proxy2.$Proxy13.onException(Unknown Source)
at org.openqa.selenium.support.events.EventFiringWebDriver.lambda$new$1(EventFiringWebDriver.java:117)
at jdk.proxy2/jdk.proxy2.$Proxy14.getScreenshotAs(Unknown Source)
at org.openqa.selenium.support.events.EventFiringWebDriver.getScreenshotAs(EventFiringWebDriver.java:312)
at com.qa.utility.CommanUtility.ScreenShot(CommanUtility.java:18)
at com.qa.utility.WebDriverListener.onException(WebDriverListener.java:146)
at org.openqa.selenium.support.events.EventFiringWebDriver.lambda$new$0(EventFiringWebDriver.java:94)
at jdk.proxy2/jdk.proxy2.$Proxy13.onException(Unknown Source)
at org.openqa.selenium.support.events.EventFiringWebDriver.lambda$new$1(EventFiringWebDriver.java:117)
at jdk.proxy2/jdk.proxy2.$Proxy14.getScreenshotAs(Unknown Source)
at org.openqa.selenium.support.events.EventFiringWebDriver.getScreenshotAs(EventFiringWebDriver.java:312)
at com.qa.utility.CommanUtility.ScreenShot(CommanUtility.java:18)
at com.qa.utility.WebDriverListener.onException(WebDriverListener.java:146)
at org.openqa.selenium.support.events.EventFiringWebDriver.lambda$new$0(EventFiringWebDriver.java:94)
at jdk.proxy2/jdk.proxy2.$Proxy13.onException(Unknown Source)
at org.openqa.selenium.support.events.EventFiringWebDriver.lambda$new$1(EventFiringWebDriver.java:117)
at jdk.proxy2/jdk.proxy2.$Proxy14.getScreenshotAs(Unknown Source)
at org.openqa.selenium.support.events.EventFiringWebDriver.getScreenshotAs(EventFiringWebDriver.java:312)
at com.qa.utility.CommanUtility.ScreenShot(CommanUtility.java:18)
at com.qa.utility.WebDriverListener.onException(WebDriverListener.java:146)
at org.openqa.selenium.support.events.EventFiringWebDriver.lambda$new$0(EventFiringWebDriver.java:94)
at jdk.proxy2/jdk.proxy2.$Proxy13.onException(Unknown Source)
at org.openqa.selenium.support.events.EventFiringWebDriver.lambda$new$1(EventFiringWebDriver.java:117)
at jdk.proxy2/jdk.proxy2.$Proxy14.getScreenshotAs(Unknown Source)
at org.openqa.selenium.support.events.EventFiringWebDriver.getScreenshotAs(EventFiringWebDriver.java:312)
at com.qa.utility.CommanUtility.ScreenShot(CommanUtility.java:18)
at com.qa.utility.WebDriverListener.onException(WebDriverListener.java:146)
at org.openqa.selenium.support.events.EventFiringWebDriver.lambda$new$0(EventFiringWebDriver.java:94)
at jdk.proxy2/jdk.proxy2.$Proxy13.onException(Unknown Source)
at org.openqa.selenium.support.events.EventFiringWebDriver.lambda$new$1(EventFiringWebDriver.java:117)
at jdk.proxy2/jdk.proxy2.$Proxy14.getScreenshotAs(Unknown Source)
at org.openqa.selenium.support.events.EventFiringWebDriver.getScreenshotAs(EventFiringWebDriver.java:312)
at com.qa.utility.CommanUtility.ScreenShot(CommanUtility.java:18)
at com.qa.utility.WebDriverListener.onException(WebDriverListener.java:146)
at org.openqa.selenium.support.events.EventFiringWebDriver.lambda$new$0(EventFiringWebDriver.java:94)
at jdk.proxy2/jdk.proxy2.$Proxy13.onException(Unknown Source)
at org.openqa.selenium.support.events.EventFiringWebDriver.lambda$new$1(EventFiringWebDriver.java:117)
at jdk.proxy2/jdk.proxy2.$Proxy14.getScreenshotAs(Unknown Source)
at org.openqa.selenium.support.events.EventFiringWebDriver.getScreenshotAs(EventFiringWebDriver.java:312)
at com.qa.utility.CommanUtility.ScreenShot(CommanUtility.java:18)
at com.qa.utility.WebDriverListener.onException(WebDriverListener.java:146)
at org.openqa.selenium.support.events.EventFiringWebDriver.lambda$new$0(EventFiringWebDriver.java:94)
at jdk.proxy2/jdk.proxy2.$Proxy13.onException(Unknown Source)
at org.openqa.selenium.support.events.EventFiringWebDriver.lambda$new$1(EventFiringWebDriver.java:117)
at jdk.proxy2/jdk.proxy2.$Proxy14.getScreenshotAs(Unknown Source)
at org.openqa.selenium.support.events.EventFiringWebDriver.getScreenshotAs(EventFiringWebDriver.java:312)
at com.qa.utility.CommanUtility.ScreenShot(CommanUtility.java:18)
at com.qa.utility.WebDriverListener.onException(WebDriverListener.java:146)
at org.openqa.selenium.support.events.EventFiringWebDriver.lambda$new$0(EventFiringWebDriver.java:94)
at jdk.proxy2/jdk.proxy2.$Proxy13.onException(Unknown Source)
at org.openqa.selenium.support.events.EventFiringWebDriver.lambda$new$1(EventFiringWebDriver.java:117)
at jdk.proxy2/jdk.proxy2.$Proxy14.getScreenshotAs(Unknown Source)
at org.openqa.selenium.support.events.EventFiringWebDriver.getScreenshotAs(EventFiringWebDriver.java:312)
at com.qa.utility.CommanUtility.ScreenShot(CommanUtility.java:18)
at com.qa.utility.WebDriverListener.onException(WebDriverListener.java:146)
at org.openqa.selenium.support.events.EventFiringWebDriver.lambda$new$0(EventFiringWebDriver.java:94)
at jdk.proxy2/jdk.proxy2.$Proxy13.onException(Unknown Source)
at org.openqa.selenium.support.events.EventFiringWebDriver.lambda$new$1(EventFiringWebDriver.java:117)
at jdk.proxy2/jdk.proxy2.$Proxy14.getScreenshotAs(Unknown Source)
at org.openqa.selenium.support.events.EventFiringWebDriver.getScreenshotAs(EventFiringWebDriver.java:312)
at com.qa.utility.CommanUtility.ScreenShot(CommanUtility.java:18)
at com.qa.utility.WebDriverListener.onException(WebDriverListener.java:146)
at org.openqa.selenium.support.events.EventFiringWebDriver.lambda$new$0(EventFiringWebDriver.java:94)
at jdk.proxy2/jdk.proxy2.$Proxy13.onException(Unknown Source)
at org.openqa.selenium.support.events.EventFiringWebDriver.lambda$new$1(EventFiringWebDriver.java:117)
at jdk.proxy2/jdk.proxy2.$Proxy14.getScreenshotAs(Unknown Source)
at org.openqa.selenium.support.events.EventFiringWebDriver.getScreenshotAs(EventFiringWebDriver.java:312)
at com.qa.utility.CommanUtility.ScreenShot(CommanUtility.java:18)
at com.qa.utility.WebDriverListener.onException(WebDriverListener.java:146)
at org.openqa.selenium.support.events.EventFiringWebDriver.lambda$new$0(EventFiringWebDriver.java:94)
at jdk.proxy2/jdk.proxy2.$Proxy13.onException(Unknown Source)
at org.openqa.selenium.support.events.EventFiringWebDriver.lambda$new$1(EventFiringWebDriver.java:117)
at jdk.proxy2/jdk.proxy2.$Proxy14.getScreenshotAs(Unknown Source)
at org.openqa.selenium.support.events.EventFiringWebDriver.getScreenshotAs(EventFiringWebDriver.java:312)
at com.qa.utility.CommanUtility.ScreenShot(CommanUtility.java:18)
at com.qa.utility.WebDriverListener.onException(WebDriverListener.java:146)
at org.openqa.selenium.support.events.EventFiringWebDriver.lambda$new$0(EventFiringWebDriver.java:94)
at jdk.proxy2/jdk.proxy2.$Proxy13.onException(Unknown Source)
at org.openqa.selenium.support.events.EventFiringWebDriver.lambda$new$1(EventFiringWebDriver.java:117)
at jdk.proxy2/jdk.proxy2.$Proxy14.getScreenshotAs(Unknown Source)
at org.openqa.selenium.support.events.EventFiringWebDriver.getScreenshotAs(EventFiringWebDriver.java:312)
at com.qa.utility.CommanUtility.ScreenShot(CommanUtility.java:18)
at com.qa.utility.WebDriverListener.onException(WebDriverListener.java:146)
at org.openqa.selenium.support.events.EventFiringWebDriver.lambda$new$0(EventFiringWebDriver.java:94)
at jdk.proxy2/jdk.proxy2.$Proxy13.onException(Unknown Source)
at org.openqa.selenium.support.events.EventFiringWebDriver.lambda$new$1(EventFiringWebDriver.java:117)
at jdk.proxy2/jdk.proxy2.$Proxy14.getScreenshotAs(Unknown Source)
at org.openqa.selenium.support.events.EventFiringWebDriver.getScreenshotAs(EventFiringWebDriver.java:312)
at com.qa.utility.CommanUtility.ScreenShot(CommanUtility.java:18)
at com.qa.utility.WebDriverListener.onException(WebDriverListener.java:146)
at org.openqa.selenium.support.events.EventFiringWebDriver.lambda$new$0(EventFiringWebDriver.java:94)
at jdk.proxy2/jdk.proxy2.$Proxy13.onException(Unknown Source)
at org.openqa.selenium.support.events.EventFiringWebDriver.lambda$new$1(EventFiringWebDriver.java:117)
at jdk.proxy2/jdk.proxy2.$Proxy14.getScreenshotAs(Unknown Source)
at org.openqa.selenium.support.events.EventFiringWebDriver.getScreenshotAs(EventFiringWebDriver.java:312)
at com.qa.utility.CommanUtility.ScreenShot(CommanUtility.java:18)
at com.qa.utility.WebDriverListener.onException(WebDriverListener.java:146)
at org.openqa.selenium.support.events.EventFiringWebDriver.lambda$new$0(EventFiringWebDriver.java:94)
at jdk.proxy2/jdk.proxy2.$Proxy13.onException(Unknown Source)
at org.openqa.selenium.support.events.EventFiringWebDriver.lambda$new$1(EventFiringWebDriver.java:117)
at jdk.proxy2/jdk.proxy2.$Proxy14.getScreenshotAs(Unknown Source)
at org.openqa.selenium.support.events.EventFiringWebDriver.getScreenshotAs(EventFiringWebDriver.java:312)
at com.qa.utility.CommanUtility.ScreenShot(CommanUtility.java:18)
at com.qa.utility.WebDriverListener.onException(WebDriverListener.java:146)
at org.openqa.selenium.support.events.EventFiringWebDriver.lambda$new$0(EventFiringWebDriver.java:94)
at jdk.proxy2/jdk.proxy2.$Proxy13.onException(Unknown Source)
at org.openqa.selenium.support.events.EventFiringWebDriver.lambda$new$1(EventFiringWebDriver.java:117)
at jdk.proxy2/jdk.proxy2.$Proxy14.getScreenshotAs(Unknown Source)
at org.openqa.selenium.support.events.EventFiringWebDriver.getScreenshotAs(EventFiringWebDriver.java:312)
at com.qa.utility.CommanUtility.ScreenShot(CommanUtility.java:18)
at com.qa.utility.WebDriverListener.onException(WebDriverListener.java:146)
at org.openqa.selenium.support.events.EventFiringWebDriver.lambda$new$0(EventFiringWebDriver.java:94)
at jdk.proxy2/jdk.proxy2.$Proxy13.onException(Unknown Source)
at org.openqa.selenium.support.events.EventFiringWebDriver.lambda$new$1(EventFiringWebDriver.java:117)
at jdk.proxy2/jdk.proxy2.$Proxy14.getScreenshotAs(Unknown Source)
at org.openqa.selenium.support.events.EventFiringWebDriver.getScreenshotAs(EventFiringWebDriver.java:312)
at com.qa.utility.CommanUtility.ScreenShot(CommanUtility.java:18)
at com.qa.utility.WebDriverListener.onException(WebDriverListener.java:146)
at org.openqa.selenium.support.events.EventFiringWebDriver.lambda$new$0(EventFiringWebDriver.java:94)
at jdk.proxy2/jdk.proxy2.$Proxy13.onException(Unknown Source)
at org.openqa.selenium.support.events.EventFiringWebDriver.lambda$new$1(EventFiringWebDriver.java:117)
at jdk.proxy2/jdk.proxy2.$Proxy14.getScreenshotAs(Unknown Source)
at org.openqa.selenium.support.events.EventFiringWebDriver.getScreenshotAs(EventFiringWebDriver.java:312)
at com.qa.utility.CommanUtility.ScreenShot(CommanUtility.java:18)
at com.qa.utility.WebDriverListener.onException(WebDriverListener.java:146)
at org.openqa.selenium.support.events.EventFiringWebDriver.lambda$new$0(EventFiringWebDriver.java:94)
at jdk.proxy2/jdk.proxy2.$Proxy13.onException(Unknown Source)
at org.openqa.selenium.support.events.EventFiringWebDriver.lambda$new$1(EventFiringWebDriver.java:117)
at jdk.proxy2/jdk.proxy2.$Proxy14.getScreenshotAs(Unknown Source)
at org.openqa.selenium.support.events.EventFiringWebDriver.getScreenshotAs(EventFiringWebDriver.java:312)
at com.qa.utility.CommanUtility.ScreenShot(CommanUtility.java:18)
at com.qa.utility.WebDriverListener.onException(WebDriverListener.java:146)
at org.openqa.selenium.support.events.EventFiringWebDriver.lambda$new$0(EventFiringWebDriver.java:94)
at jdk.proxy2/jdk.proxy2.$Proxy13.onException(Unknown Source)
at org.openqa.selenium.support.events.EventFiringWebDriver.lambda$new$1(EventFiringWebDriver.java:117)
at jdk.proxy2/jdk.proxy2.$Proxy14.getScreenshotAs(Unknown Source)
at org.openqa.selenium.support.events.EventFiringWebDriver.getScreenshotAs(EventFiringWebDriver.java:312)
at com.qa.utility.CommanUtility.ScreenShot(CommanUtility.java:18)
at com.qa.utility.WebDriverListener.onException(WebDriverListener.java:146)
at org.openqa.selenium.support.events.EventFiringWebDriver.lambda$new$0(EventFiringWebDriver.java:94)
at jdk.proxy2/jdk.proxy2.$Proxy13.onException(Unknown Source)
at org.openqa.selenium.support.events.EventFiringWebDriver.lambda$new$1(EventFiringWebDriver.java:117)
at jdk.proxy2/jdk.proxy2.$Proxy14.getScreenshotAs(Unknown Source)
at org.openqa.selenium.support.events.EventFiringWebDriver.getScreenshotAs(EventFiringWebDriver.java:312)
at com.qa.utility.CommanUtility.ScreenShot(CommanUtility.java:18)
at com.qa.utility.WebDriverListener.onException(WebDriverListener.java:146)
at org.openqa.selenium.support.events.EventFiringWebDriver.lambda$new$0(EventFiringWebDriver.java:94)
at jdk.proxy2/jdk.proxy2.$Proxy13.onException(Unknown Source)
at org.openqa.selenium.support.events.EventFiringWebDriver.lambda$new$1(EventFiringWebDriver.java:117)
at jdk.proxy2/jdk.proxy2.$Proxy14.getScreenshotAs(Unknown Source)
at org.openqa.selenium.support.events.EventFiringWebDriver.getScreenshotAs(EventFiringWebDriver.java:312)
at com.qa.utility.CommanUtility.ScreenShot(CommanUtility.java:18)
at com.qa.utility.WebDriverListener.onException(WebDriverListener.java:146)
at org.openqa.selenium.support.events.EventFiringWebDriver.lambda$new$0(EventFiringWebDriver.java:94)
at jdk.proxy2/jdk.proxy2.$Proxy13.onException(Unknown Source)
at org.openqa.selenium.support.events.EventFiringWebDriver.lambda$new$1(EventFiringWebDriver.java:117)
at jdk.proxy2/jdk.proxy2.$Proxy14.getScreenshotAs(Unknown Source)
at org.openqa.selenium.support.events.EventFiringWebDriver.getScreenshotAs(EventFiringWebDriver.java:312)
at com.qa.utility.CommanUtility.ScreenShot(CommanUtility.java:18)
at com.qa.utility.WebDriverListener.onException(WebDriverListener.java:146)
at org.openqa.selenium.support.events.EventFiringWebDriver.lambda$new$0(EventFiringWebDriver.java:94)
at jdk.proxy2/jdk.proxy2.$Proxy13.onException(Unknown Source)
at org.openqa.selenium.support.events.EventFiringWebDriver.lambda$new$1(EventFiringWebDriver.java:117)
at jdk.proxy2/jdk.proxy2.$Proxy14.getScreenshotAs(Unknown Source)
at org.openqa.selenium.support.events.EventFiringWebDriver.getScreenshotAs(EventFiringWebDriver.java:312)
at com.qa.utility.CommanUtility.ScreenShot(CommanUtility.java:18)
at com.qa.utility.WebDriverListener.onException(WebDriverListener.java:146)
at org.openqa.selenium.support.events.EventFiringWebDriver.lambda$new$0(EventFiringWebDriver.java:94)
at jdk.proxy2/jdk.proxy2.$Proxy13.onException(Unknown Source)
at org.openqa.selenium.support.events.EventFiringWebDriver.lambda$new$1(EventFiringWebDriver.java:117)
at jdk.proxy2/jdk.proxy2.$Proxy14.getScreenshotAs(Unknown Source)
at org.openqa.selenium.support.events.EventFiringWebDriver.getScreenshotAs(EventFiringWebDriver.java:312)
at com.qa.utility.CommanUtility.ScreenShot(CommanUtility.java:18)
at com.qa.utility.WebDriverListener.onException(WebDriverListener.java:146)
at org.openqa.selenium.support.events.EventFiringWebDriver.lambda$new$0(EventFiringWebDriver.java:94)
at jdk.proxy2/jdk.proxy2.$Proxy13.onException(Unknown Source)
at org.openqa.selenium.support.events.EventFiringWebDriver.lambda$new$1(EventFiringWebDriver.java:117)
at jdk.proxy2/jdk.proxy2.$Proxy14.getScreenshotAs(Unknown Source)
at org.openqa.selenium.support.events.EventFiringWebDriver.getScreenshotAs(EventFiringWebDriver.java:312)
at com.qa.utility.CommanUtility.ScreenShot(CommanUtility.java:18)
at com.qa.utility.WebDriverListener.onException(WebDriverListener.java:146)
at org.openqa.selenium.support.events.EventFiringWebDriver.lambda$new$0(EventFiringWebDriver.java:94)
at jdk.proxy2/jdk.proxy2.$Proxy13.onException(Unknown Source)
at org.openqa.selenium.support.events.EventFiringWebDriver.lambda$new$1(EventFiringWebDriver.java:117)
at jdk.proxy2/jdk.proxy2.$Proxy14.getScreenshotAs(Unknown Source)
at org.openqa.selenium.support.events.EventFiringWebDriver.getScreenshotAs(EventFiringWebDriver.java:312)
at com.qa.utility.CommanUtility.ScreenShot(CommanUtility.java:18)
at com.qa.utility.WebDriverListener.onException(WebDriverListener.java:146)
at org.openqa.selenium.support.events.EventFiringWebDriver.lambda$new$0(EventFiringWebDriver.java:94)
at jdk.proxy2/jdk.proxy2.$Proxy13.onException(Unknown Source)
at org.openqa.selenium.support.events.EventFiringWebDriver.lambda$new$1(EventFiringWebDriver.java:117)
at jdk.proxy2/jdk.proxy2.$Proxy14.getScreenshotAs(Unknown Source)
at org.openqa.selenium.support.events.EventFiringWebDriver.getScreenshotAs(EventFiringWebDriver.java:312)
at com.qa.utility.CommanUtility.ScreenShot(CommanUtility.java:18)
at com.qa.utility.WebDriverListener.onException(WebDriverListener.java:146)
at org.openqa.selenium.support.events.EventFiringWebDriver.lambda$new$0(EventFiringWebDriver.java:94)
at jdk.proxy2/jdk.proxy2.$Proxy13.onException(Unknown Source)
at org.openqa.selenium.support.events.EventFiringWebDriver.lambda$new$1(EventFiringWebDriver.java:117)
at jdk.proxy2/jdk.proxy2.$Proxy14.getScreenshotAs(Unknown Source)
at org.openqa.selenium.support.events.EventFiringWebDriver.getScreenshotAs(EventFiringWebDriver.java:312)
at com.qa.utility.CommanUtility.ScreenShot(CommanUtility.java:18)
at com.qa.utility.WebDriverListener.onException(WebDriverListener.java:146)
at org.openqa.selenium.support.events.EventFiringWebDriver.lambda$new$0(EventFiringWebDriver.java:94)
at jdk.proxy2/jdk.proxy2.$Proxy13.onException(Unknown Source)
at org.openqa.selenium.support.events.EventFiringWebDriver.lambda$new$1(EventFiringWebDriver.java:117)
at jdk.proxy2/jdk.proxy2.$Proxy14.getScreenshotAs(Unknown Source)
at org.openqa.selenium.support.events.EventFiringWebDriver.getScreenshotAs(EventFiringWebDriver.java:312)
at com.qa.utility.CommanUtility.ScreenShot(CommanUtility.java:18)
at com.qa.utility.WebDriverListener.onException(WebDriverListener.java:146)
... Removed 308 stack frames]]>
    </failure>
  </testcase> <!-- VerifyFunctionalityofSearchButton -->
  <testcase classname="com.qa.testLayer.HomePageTest" name="FlowofProductBuyging" time="34.172">
    <failure type="java.lang.StackOverflowError">
      <![CDATA[java.lang.StackOverflowError
at jdk.proxy2/jdk.proxy2.$Proxy13.beforeGetScreenshotAs(Unknown Source)
at org.openqa.selenium.support.events.EventFiringWebDriver.getScreenshotAs(EventFiringWebDriver.java:311)
at com.qa.utility.CommanUtility.ScreenShot(CommanUtility.java:18)
at com.qa.utility.WebDriverListener.onException(WebDriverListener.java:146)
at org.openqa.selenium.support.events.EventFiringWebDriver.lambda$new$0(EventFiringWebDriver.java:94)
at jdk.proxy2/jdk.proxy2.$Proxy13.onException(Unknown Source)
at org.openqa.selenium.support.events.EventFiringWebDriver.lambda$new$1(EventFiringWebDriver.java:117)
at jdk.proxy2/jdk.proxy2.$Proxy14.getScreenshotAs(Unknown Source)
at org.openqa.selenium.support.events.EventFiringWebDriver.getScreenshotAs(EventFiringWebDriver.java:312)
at com.qa.utility.CommanUtility.ScreenShot(CommanUtility.java:18)
at com.qa.utility.WebDriverListener.onException(WebDriverListener.java:146)
at org.openqa.selenium.support.events.EventFiringWebDriver.lambda$new$0(EventFiringWebDriver.java:94)
at jdk.proxy2/jdk.proxy2.$Proxy13.onException(Unknown Source)
at org.openqa.selenium.support.events.EventFiringWebDriver.lambda$new$1(EventFiringWebDriver.java:117)
at jdk.proxy2/jdk.proxy2.$Proxy14.getScreenshotAs(Unknown Source)
at org.openqa.selenium.support.events.EventFiringWebDriver.getScreenshotAs(EventFiringWebDriver.java:312)
at com.qa.utility.CommanUtility.ScreenShot(CommanUtility.java:18)
at com.qa.utility.WebDriverListener.onException(WebDriverListener.java:146)
at org.openqa.selenium.support.events.EventFiringWebDriver.lambda$new$0(EventFiringWebDriver.java:94)
at jdk.proxy2/jdk.proxy2.$Proxy13.onException(Unknown Source)
at org.openqa.selenium.support.events.EventFiringWebDriver.lambda$new$1(EventFiringWebDriver.java:117)
at jdk.proxy2/jdk.proxy2.$Proxy14.getScreenshotAs(Unknown Source)
at org.openqa.selenium.support.events.EventFiringWebDriver.getScreenshotAs(EventFiringWebDriver.java:312)
at com.qa.utility.CommanUtility.ScreenShot(CommanUtility.java:18)
at com.qa.utility.WebDriverListener.onException(WebDriverListener.java:146)
at org.openqa.selenium.support.events.EventFiringWebDriver.lambda$new$0(EventFiringWebDriver.java:94)
at jdk.proxy2/jdk.proxy2.$Proxy13.onException(Unknown Source)
at org.openqa.selenium.support.events.EventFiringWebDriver.lambda$new$1(EventFiringWebDriver.java:117)
at jdk.proxy2/jdk.proxy2.$Proxy14.getScreenshotAs(Unknown Source)
at org.openqa.selenium.support.events.EventFiringWebDriver.getScreenshotAs(EventFiringWebDriver.java:312)
at com.qa.utility.CommanUtility.ScreenShot(CommanUtility.java:18)
at com.qa.utility.WebDriverListener.onException(WebDriverListener.java:146)
at org.openqa.selenium.support.events.EventFiringWebDriver.lambda$new$0(EventFiringWebDriver.java:94)
at jdk.proxy2/jdk.proxy2.$Proxy13.onException(Unknown Source)
at org.openqa.selenium.support.events.EventFiringWebDriver.lambda$new$1(EventFiringWebDriver.java:117)
at jdk.proxy2/jdk.proxy2.$Proxy14.getScreenshotAs(Unknown Source)
at org.openqa.selenium.support.events.EventFiringWebDriver.getScreenshotAs(EventFiringWebDriver.java:312)
at com.qa.utility.CommanUtility.ScreenShot(CommanUtility.java:18)
at com.qa.utility.WebDriverListener.onException(WebDriverListener.java:146)
at org.openqa.selenium.support.events.EventFiringWebDriver.lambda$new$0(EventFiringWebDriver.java:94)
at jdk.proxy2/jdk.proxy2.$Proxy13.onException(Unknown Source)
at org.openqa.selenium.support.events.EventFiringWebDriver.lambda$new$1(EventFiringWebDriver.java:117)
at jdk.proxy2/jdk.proxy2.$Proxy14.getScreenshotAs(Unknown Source)
at org.openqa.selenium.support.events.EventFiringWebDriver.getScreenshotAs(EventFiringWebDriver.java:312)
at com.qa.utility.CommanUtility.ScreenShot(CommanUtility.java:18)
at com.qa.utility.WebDriverListener.onException(WebDriverListener.java:146)
at org.openqa.selenium.support.events.EventFiringWebDriver.lambda$new$0(EventFiringWebDriver.java:94)
at jdk.proxy2/jdk.proxy2.$Proxy13.onException(Unknown Source)
at org.openqa.selenium.support.events.EventFiringWebDriver.lambda$new$1(EventFiringWebDriver.java:117)
at jdk.proxy2/jdk.proxy2.$Proxy14.getScreenshotAs(Unknown Source)
at org.openqa.selenium.support.events.EventFiringWebDriver.getScreenshotAs(EventFiringWebDriver.java:312)
at com.qa.utility.CommanUtility.ScreenShot(CommanUtility.java:18)
at com.qa.utility.WebDriverListener.onException(WebDriverListener.java:146)
at org.openqa.selenium.support.events.EventFiringWebDriver.lambda$new$0(EventFiringWebDriver.java:94)
at jdk.proxy2/jdk.proxy2.$Proxy13.onException(Unknown Source)
at org.openqa.selenium.support.events.EventFiringWebDriver.lambda$new$1(EventFiringWebDriver.java:117)
at jdk.proxy2/jdk.proxy2.$Proxy14.getScreenshotAs(Unknown Source)
at org.openqa.selenium.support.events.EventFiringWebDriver.getScreenshotAs(EventFiringWebDriver.java:312)
at com.qa.utility.CommanUtility.ScreenShot(CommanUtility.java:18)
at com.qa.utility.WebDriverListener.onException(WebDriverListener.java:146)
at org.openqa.selenium.support.events.EventFiringWebDriver.lambda$new$0(EventFiringWebDriver.java:94)
at jdk.proxy2/jdk.proxy2.$Proxy13.onException(Unknown Source)
at org.openqa.selenium.support.events.EventFiringWebDriver.lambda$new$1(EventFiringWebDriver.java:117)
at jdk.proxy2/jdk.proxy2.$Proxy14.getScreenshotAs(Unknown Source)
at org.openqa.selenium.support.events.EventFiringWebDriver.getScreenshotAs(EventFiringWebDriver.java:312)
at com.qa.utility.CommanUtility.ScreenShot(CommanUtility.java:18)
at com.qa.utility.WebDriverListener.onException(WebDriverListener.java:146)
at org.openqa.selenium.support.events.EventFiringWebDriver.lambda$new$0(EventFiringWebDriver.java:94)
at jdk.proxy2/jdk.proxy2.$Proxy13.onException(Unknown Source)
at org.openqa.selenium.support.events.EventFiringWebDriver.lambda$new$1(EventFiringWebDriver.java:117)
at jdk.proxy2/jdk.proxy2.$Proxy14.getScreenshotAs(Unknown Source)
at org.openqa.selenium.support.events.EventFiringWebDriver.getScreenshotAs(EventFiringWebDriver.java:312)
at com.qa.utility.CommanUtility.ScreenShot(CommanUtility.java:18)
at com.qa.utility.WebDriverListener.onException(WebDriverListener.java:146)
at org.openqa.selenium.support.events.EventFiringWebDriver.lambda$new$0(EventFiringWebDriver.java:94)
at jdk.proxy2/jdk.proxy2.$Proxy13.onException(Unknown Source)
at org.openqa.selenium.support.events.EventFiringWebDriver.lambda$new$1(EventFiringWebDriver.java:117)
at jdk.proxy2/jdk.proxy2.$Proxy14.getScreenshotAs(Unknown Source)
at org.openqa.selenium.support.events.EventFiringWebDriver.getScreenshotAs(EventFiringWebDriver.java:312)
at com.qa.utility.CommanUtility.ScreenShot(CommanUtility.java:18)
at com.qa.utility.WebDriverListener.onException(WebDriverListener.java:146)
at org.openqa.selenium.support.events.EventFiringWebDriver.lambda$new$0(EventFiringWebDriver.java:94)
at jdk.proxy2/jdk.proxy2.$Proxy13.onException(Unknown Source)
at org.openqa.selenium.support.events.EventFiringWebDriver.lambda$new$1(EventFiringWebDriver.java:117)
at jdk.proxy2/jdk.proxy2.$Proxy14.getScreenshotAs(Unknown Source)
at org.openqa.selenium.support.events.EventFiringWebDriver.getScreenshotAs(EventFiringWebDriver.java:312)
at com.qa.utility.CommanUtility.ScreenShot(CommanUtility.java:18)
at com.qa.utility.WebDriverListener.onException(WebDriverListener.java:146)
at org.openqa.selenium.support.events.EventFiringWebDriver.lambda$new$0(EventFiringWebDriver.java:94)
at jdk.proxy2/jdk.proxy2.$Proxy13.onException(Unknown Source)
at org.openqa.selenium.support.events.EventFiringWebDriver.lambda$new$1(EventFiringWebDriver.java:117)
at jdk.proxy2/jdk.proxy2.$Proxy14.getScreenshotAs(Unknown Source)
at org.openqa.selenium.support.events.EventFiringWebDriver.getScreenshotAs(EventFiringWebDriver.java:312)
at com.qa.utility.CommanUtility.ScreenShot(CommanUtility.java:18)
at com.qa.utility.WebDriverListener.onException(WebDriverListener.java:146)
at org.openqa.selenium.support.events.EventFiringWebDriver.lambda$new$0(EventFiringWebDriver.java:94)
at jdk.proxy2/jdk.proxy2.$Proxy13.onException(Unknown Source)
at org.openqa.selenium.support.events.EventFiringWebDriver.lambda$new$1(EventFiringWebDriver.java:117)
at jdk.proxy2/jdk.proxy2.$Proxy14.getScreenshotAs(Unknown Source)
at org.openqa.selenium.support.events.EventFiringWebDriver.getScreenshotAs(EventFiringWebDriver.java:312)
at com.qa.utility.CommanUtility.ScreenShot(CommanUtility.java:18)
at com.qa.utility.WebDriverListener.onException(WebDriverListener.java:146)
at org.openqa.selenium.support.events.EventFiringWebDriver.lambda$new$0(EventFiringWebDriver.java:94)
at jdk.proxy2/jdk.proxy2.$Proxy13.onException(Unknown Source)
at org.openqa.selenium.support.events.EventFiringWebDriver.lambda$new$1(EventFiringWebDriver.java:117)
at jdk.proxy2/jdk.proxy2.$Proxy14.getScreenshotAs(Unknown Source)
at org.openqa.selenium.support.events.EventFiringWebDriver.getScreenshotAs(EventFiringWebDriver.java:312)
at com.qa.utility.CommanUtility.ScreenShot(CommanUtility.java:18)
at com.qa.utility.WebDriverListener.onException(WebDriverListener.java:146)
at org.openqa.selenium.support.events.EventFiringWebDriver.lambda$new$0(EventFiringWebDriver.java:94)
at jdk.proxy2/jdk.proxy2.$Proxy13.onException(Unknown Source)
at org.openqa.selenium.support.events.EventFiringWebDriver.lambda$new$1(EventFiringWebDriver.java:117)
at jdk.proxy2/jdk.proxy2.$Proxy14.getScreenshotAs(Unknown Source)
at org.openqa.selenium.support.events.EventFiringWebDriver.getScreenshotAs(EventFiringWebDriver.java:312)
at com.qa.utility.CommanUtility.ScreenShot(CommanUtility.java:18)
at com.qa.utility.WebDriverListener.onException(WebDriverListener.java:146)
at org.openqa.selenium.support.events.EventFiringWebDriver.lambda$new$0(EventFiringWebDriver.java:94)
at jdk.proxy2/jdk.proxy2.$Proxy13.onException(Unknown Source)
at org.openqa.selenium.support.events.EventFiringWebDriver.lambda$new$1(EventFiringWebDriver.java:117)
at jdk.proxy2/jdk.proxy2.$Proxy14.getScreenshotAs(Unknown Source)
at org.openqa.selenium.support.events.EventFiringWebDriver.getScreenshotAs(EventFiringWebDriver.java:312)
at com.qa.utility.CommanUtility.ScreenShot(CommanUtility.java:18)
at com.qa.utility.WebDriverListener.onException(WebDriverListener.java:146)
at org.openqa.selenium.support.events.EventFiringWebDriver.lambda$new$0(EventFiringWebDriver.java:94)
at jdk.proxy2/jdk.proxy2.$Proxy13.onException(Unknown Source)
at org.openqa.selenium.support.events.EventFiringWebDriver.lambda$new$1(EventFiringWebDriver.java:117)
at jdk.proxy2/jdk.proxy2.$Proxy14.getScreenshotAs(Unknown Source)
at org.openqa.selenium.support.events.EventFiringWebDriver.getScreenshotAs(EventFiringWebDriver.java:312)
at com.qa.utility.CommanUtility.ScreenShot(CommanUtility.java:18)
at com.qa.utility.WebDriverListener.onException(WebDriverListener.java:146)
at org.openqa.selenium.support.events.EventFiringWebDriver.lambda$new$0(EventFiringWebDriver.java:94)
at jdk.proxy2/jdk.proxy2.$Proxy13.onException(Unknown Source)
at org.openqa.selenium.support.events.EventFiringWebDriver.lambda$new$1(EventFiringWebDriver.java:117)
at jdk.proxy2/jdk.proxy2.$Proxy14.getScreenshotAs(Unknown Source)
at org.openqa.selenium.support.events.EventFiringWebDriver.getScreenshotAs(EventFiringWebDriver.java:312)
at com.qa.utility.CommanUtility.ScreenShot(CommanUtility.java:18)
at com.qa.utility.WebDriverListener.onException(WebDriverListener.java:146)
at org.openqa.selenium.support.events.EventFiringWebDriver.lambda$new$0(EventFiringWebDriver.java:94)
at jdk.proxy2/jdk.proxy2.$Proxy13.onException(Unknown Source)
at org.openqa.selenium.support.events.EventFiringWebDriver.lambda$new$1(EventFiringWebDriver.java:117)
at jdk.proxy2/jdk.proxy2.$Proxy14.getScreenshotAs(Unknown Source)
at org.openqa.selenium.support.events.EventFiringWebDriver.getScreenshotAs(EventFiringWebDriver.java:312)
at com.qa.utility.CommanUtility.ScreenShot(CommanUtility.java:18)
at com.qa.utility.WebDriverListener.onException(WebDriverListener.java:146)
at org.openqa.selenium.support.events.EventFiringWebDriver.lambda$new$0(EventFiringWebDriver.java:94)
at jdk.proxy2/jdk.proxy2.$Proxy13.onException(Unknown Source)
at org.openqa.selenium.support.events.EventFiringWebDriver.lambda$new$1(EventFiringWebDriver.java:117)
at jdk.proxy2/jdk.proxy2.$Proxy14.getScreenshotAs(Unknown Source)
at org.openqa.selenium.support.events.EventFiringWebDriver.getScreenshotAs(EventFiringWebDriver.java:312)
at com.qa.utility.CommanUtility.ScreenShot(CommanUtility.java:18)
at com.qa.utility.WebDriverListener.onException(WebDriverListener.java:146)
at org.openqa.selenium.support.events.EventFiringWebDriver.lambda$new$0(EventFiringWebDriver.java:94)
at jdk.proxy2/jdk.proxy2.$Proxy13.onException(Unknown Source)
at org.openqa.selenium.support.events.EventFiringWebDriver.lambda$new$1(EventFiringWebDriver.java:117)
at jdk.proxy2/jdk.proxy2.$Proxy14.getScreenshotAs(Unknown Source)
at org.openqa.selenium.support.events.EventFiringWebDriver.getScreenshotAs(EventFiringWebDriver.java:312)
at com.qa.utility.CommanUtility.ScreenShot(CommanUtility.java:18)
at com.qa.utility.WebDriverListener.onException(WebDriverListener.java:146)
at org.openqa.selenium.support.events.EventFiringWebDriver.lambda$new$0(EventFiringWebDriver.java:94)
at jdk.proxy2/jdk.proxy2.$Proxy13.onException(Unknown Source)
at org.openqa.selenium.support.events.EventFiringWebDriver.lambda$new$1(EventFiringWebDriver.java:117)
at jdk.proxy2/jdk.proxy2.$Proxy14.getScreenshotAs(Unknown Source)
at org.openqa.selenium.support.events.EventFiringWebDriver.getScreenshotAs(EventFiringWebDriver.java:312)
at com.qa.utility.CommanUtility.ScreenShot(CommanUtility.java:18)
at com.qa.utility.WebDriverListener.onException(WebDriverListener.java:146)
at org.openqa.selenium.support.events.EventFiringWebDriver.lambda$new$0(EventFiringWebDriver.java:94)
at jdk.proxy2/jdk.proxy2.$Proxy13.onException(Unknown Source)
at org.openqa.selenium.support.events.EventFiringWebDriver.lambda$new$1(EventFiringWebDriver.java:117)
at jdk.proxy2/jdk.proxy2.$Proxy14.getScreenshotAs(Unknown Source)
at org.openqa.selenium.support.events.EventFiringWebDriver.getScreenshotAs(EventFiringWebDriver.java:312)
at com.qa.utility.CommanUtility.ScreenShot(CommanUtility.java:18)
at com.qa.utility.WebDriverListener.onException(WebDriverListener.java:146)
at org.openqa.selenium.support.events.EventFiringWebDriver.lambda$new$0(EventFiringWebDriver.java:94)
at jdk.proxy2/jdk.proxy2.$Proxy13.onException(Unknown Source)
at org.openqa.selenium.support.events.EventFiringWebDriver.lambda$new$1(EventFiringWebDriver.java:117)
at jdk.proxy2/jdk.proxy2.$Proxy14.getScreenshotAs(Unknown Source)
at org.openqa.selenium.support.events.EventFiringWebDriver.getScreenshotAs(EventFiringWebDriver.java:312)
at com.qa.utility.CommanUtility.ScreenShot(CommanUtility.java:18)
at com.qa.utility.WebDriverListener.onException(WebDriverListener.java:146)
at org.openqa.selenium.support.events.EventFiringWebDriver.lambda$new$0(EventFiringWebDriver.java:94)
at jdk.proxy2/jdk.proxy2.$Proxy13.onException(Unknown Source)
at org.openqa.selenium.support.events.EventFiringWebDriver.lambda$new$1(EventFiringWebDriver.java:117)
at jdk.proxy2/jdk.proxy2.$Proxy14.getScreenshotAs(Unknown Source)
at org.openqa.selenium.support.events.EventFiringWebDriver.getScreenshotAs(EventFiringWebDriver.java:312)
at com.qa.utility.CommanUtility.ScreenShot(CommanUtility.java:18)
at com.qa.utility.WebDriverListener.onException(WebDriverListener.java:146)
at org.openqa.selenium.support.events.EventFiringWebDriver.lambda$new$0(EventFiringWebDriver.java:94)
at jdk.proxy2/jdk.proxy2.$Proxy13.onException(Unknown Source)
at org.openqa.selenium.support.events.EventFiringWebDriver.lambda$new$1(EventFiringWebDriver.java:117)
at jdk.proxy2/jdk.proxy2.$Proxy14.getScreenshotAs(Unknown Source)
at org.openqa.selenium.support.events.EventFiringWebDriver.getScreenshotAs(EventFiringWebDriver.java:312)
at com.qa.utility.CommanUtility.ScreenShot(CommanUtility.java:18)
at com.qa.utility.WebDriverListener.onException(WebDriverListener.java:146)
at org.openqa.selenium.support.events.EventFiringWebDriver.lambda$new$0(EventFiringWebDriver.java:94)
at jdk.proxy2/jdk.proxy2.$Proxy13.onException(Unknown Source)
at org.openqa.selenium.support.events.EventFiringWebDriver.lambda$new$1(EventFiringWebDriver.java:117)
at jdk.proxy2/jdk.proxy2.$Proxy14.getScreenshotAs(Unknown Source)
at org.openqa.selenium.support.events.EventFiringWebDriver.getScreenshotAs(EventFiringWebDriver.java:312)
at com.qa.utility.CommanUtility.ScreenShot(CommanUtility.java:18)
at com.qa.utility.WebDriverListener.onException(WebDriverListener.java:146)
at org.openqa.selenium.support.events.EventFiringWebDriver.lambda$new$0(EventFiringWebDriver.java:94)
at jdk.proxy2/jdk.proxy2.$Proxy13.onException(Unknown Source)
at org.openqa.selenium.support.events.EventFiringWebDriver.lambda$new$1(EventFiringWebDriver.java:117)
at jdk.proxy2/jdk.proxy2.$Proxy14.getScreenshotAs(Unknown Source)
at org.openqa.selenium.support.events.EventFiringWebDriver.getScreenshotAs(EventFiringWebDriver.java:312)
at com.qa.utility.CommanUtility.ScreenShot(CommanUtility.java:18)
at com.qa.utility.WebDriverListener.onException(WebDriverListener.java:146)
at org.openqa.selenium.support.events.EventFiringWebDriver.lambda$new$0(EventFiringWebDriver.java:94)
at jdk.proxy2/jdk.proxy2.$Proxy13.onException(Unknown Source)
at org.openqa.selenium.support.events.EventFiringWebDriver.lambda$new$1(EventFiringWebDriver.java:117)
at jdk.proxy2/jdk.proxy2.$Proxy14.getScreenshotAs(Unknown Source)
at org.openqa.selenium.support.events.EventFiringWebDriver.getScreenshotAs(EventFiringWebDriver.java:312)
at com.qa.utility.CommanUtility.ScreenShot(CommanUtility.java:18)
at com.qa.utility.WebDriverListener.onException(WebDriverListener.java:146)
at org.openqa.selenium.support.events.EventFiringWebDriver.lambda$new$0(EventFiringWebDriver.java:94)
at jdk.proxy2/jdk.proxy2.$Proxy13.onException(Unknown Source)
at org.openqa.selenium.support.events.EventFiringWebDriver.lambda$new$1(EventFiringWebDriver.java:117)
at jdk.proxy2/jdk.proxy2.$Proxy14.getScreenshotAs(Unknown Source)
at org.openqa.selenium.support.events.EventFiringWebDriver.getScreenshotAs(EventFiringWebDriver.java:312)
at com.qa.utility.CommanUtility.ScreenShot(CommanUtility.java:18)
at com.qa.utility.WebDriverListener.onException(WebDriverListener.java:146)
at org.openqa.selenium.support.events.EventFiringWebDriver.lambda$new$0(EventFiringWebDriver.java:94)
at jdk.proxy2/jdk.proxy2.$Proxy13.onException(Unknown Source)
at org.openqa.selenium.support.events.EventFiringWebDriver.lambda$new$1(EventFiringWebDriver.java:117)
at jdk.proxy2/jdk.proxy2.$Proxy14.getScreenshotAs(Unknown Source)
at org.openqa.selenium.support.events.EventFiringWebDriver.getScreenshotAs(EventFiringWebDriver.java:312)
at com.qa.utility.CommanUtility.ScreenShot(CommanUtility.java:18)
at com.qa.utility.WebDriverListener.onException(WebDriverListener.java:146)
at org.openqa.selenium.support.events.EventFiringWebDriver.lambda$new$0(EventFiringWebDriver.java:94)
at jdk.proxy2/jdk.proxy2.$Proxy13.onException(Unknown Source)
at org.openqa.selenium.support.events.EventFiringWebDriver.lambda$new$1(EventFiringWebDriver.java:117)
at jdk.proxy2/jdk.proxy2.$Proxy14.getScreenshotAs(Unknown Source)
at org.openqa.selenium.support.events.EventFiringWebDriver.getScreenshotAs(EventFiringWebDriver.java:312)
at com.qa.utility.CommanUtility.ScreenShot(CommanUtility.java:18)
at com.qa.utility.WebDriverListener.onException(WebDriverListener.java:146)
at org.openqa.selenium.support.events.EventFiringWebDriver.lambda$new$0(EventFiringWebDriver.java:94)
at jdk.proxy2/jdk.proxy2.$Proxy13.onException(Unknown Source)
[...]
at com.qa.utility.WebDriverListener.onException(WebDriverListener.java:146)
at org.openqa.selenium.support.events.EventFiringWebDriver.lambda$new$0(EventFiringWebDriver.java:94)
at jdk.proxy2/jdk.proxy2.$Proxy13.onException(Unknown Source)
at org.openqa.selenium.support.events.EventFiringWebDriver.lambda$new$1(EventFiringWebDriver.java:117)
at jdk.proxy2/jdk.proxy2.$Proxy14.getScreenshotAs(Unknown Source)
at org.openqa.selenium.support.events.EventFiringWebDriver.getScreenshotAs(EventFiringWebDriver.java:312)
at com.qa.utility.CommanUtility.ScreenShot(CommanUtility.java:18)
at com.qa.utility.WebDriverListener.onException(WebDriverListener.java:146)
at org.openqa.selenium.support.events.EventFiringWebDriver.lambda$new$0(EventFiringWebDriver.java:94)
at jdk.proxy2/jdk.proxy2.$Proxy13.onException(Unknown Source)
at org.openqa.selenium.support.events.EventFiringWebDriver.lambda$new$1(EventFiringWebDriver.java:117)
at jdk.proxy2/jdk.proxy2.$Proxy14.getScreenshotAs(Unknown Source)
at org.openqa.selenium.support.events.EventFiringWebDriver.getScreenshotAs(EventFiringWebDriver.java:312)
at com.qa.utility.CommanUtility.ScreenShot(CommanUtility.java:18)
at com.qa.utility.WebDriverListener.onException(WebDriverListener.java:146)
at org.openqa.selenium.support.events.EventFiringWebDriver.lambda$new$0(EventFiringWebDriver.java:94)
at jdk.proxy2/jdk.proxy2.$Proxy13.onException(Unknown Source)
at org.openqa.selenium.support.events.EventFiringWebDriver.lambda$new$1(EventFiringWebDriver.java:117)
at jdk.proxy2/jdk.proxy2.$Proxy14.getScreenshotAs(Unknown Source)
at org.openqa.selenium.support.events.EventFiringWebDriver.getScreenshotAs(EventFiringWebDriver.java:312)
at com.qa.utility.CommanUtility.ScreenShot(CommanUtility.java:18)
at com.qa.utility.WebDriverListener.onException(WebDriverListener.java:146)
at org.openqa.selenium.support.events.EventFiringWebDriver.lambda$new$0(EventFiringWebDriver.java:94)
at jdk.proxy2/jdk.proxy2.$Proxy13.onException(Unknown Source)
at org.openqa.selenium.support.events.EventFiringWebDriver.lambda$new$1(EventFiringWebDriver.java:117)
at jdk.proxy2/jdk.proxy2.$Proxy14.getScreenshotAs(Unknown Source)
at org.openqa.selenium.support.events.EventFiringWebDriver.getScreenshotAs(EventFiringWebDriver.java:312)
at com.qa.utility.CommanUtility.ScreenShot(CommanUtility.java:18)
at com.qa.utility.WebDriverListener.onException(WebDriverListener.java:146)
at org.openqa.selenium.support.events.EventFiringWebDriver.lambda$new$0(EventFiringWebDriver.java:94)
at jdk.proxy2/jdk.proxy2.$Proxy13.onException(Unknown Source)
at org.openqa.selenium.support.events.EventFiringWebDriver.lambda$new$1(EventFiringWebDriver.java:117)
at jdk.proxy2/jdk.proxy2.$Proxy14.getScreenshotAs(Unknown Source)
at org.openqa.selenium.support.events.EventFiringWebDriver.getScreenshotAs(EventFiringWebDriver.java:312)
at com.qa.utility.CommanUtility.ScreenShot(CommanUtility.java:18)
at com.qa.utility.WebDriverListener.onException(WebDriverListener.java:146)
at org.openqa.selenium.support.events.EventFiringWebDriver.lambda$new$0(EventFiringWebDriver.java:94)
at jdk.proxy2/jdk.proxy2.$Proxy13.onException(Unknown Source)
at org.openqa.selenium.support.events.EventFiringWebDriver.lambda$new$1(EventFiringWebDriver.java:117)
at jdk.proxy2/jdk.proxy2.$Proxy14.getScreenshotAs(Unknown Source)
at org.openqa.selenium.support.events.EventFiringWebDriver.getScreenshotAs(EventFiringWebDriver.java:312)
at com.qa.utility.CommanUtility.ScreenShot(CommanUtility.java:18)
at com.qa.utility.WebDriverListener.onException(WebDriverListener.java:146)
at org.openqa.selenium.support.events.EventFiringWebDriver.lambda$new$0(EventFiringWebDriver.java:94)
at jdk.proxy2/jdk.proxy2.$Proxy13.onException(Unknown Source)
at org.openqa.selenium.support.events.EventFiringWebDriver.lambda$new$1(EventFiringWebDriver.java:117)
at jdk.proxy2/jdk.proxy2.$Proxy14.getScreenshotAs(Unknown Source)
at org.openqa.selenium.support.events.EventFiringWebDriver.getScreenshotAs(EventFiringWebDriver.java:312)
at com.qa.utility.CommanUtility.ScreenShot(CommanUtility.java:18)
at com.qa.utility.WebDriverListener.onException(WebDriverListener.java:146)
at org.openqa.selenium.support.events.EventFiringWebDriver.lambda$new$0(EventFiringWebDriver.java:94)
at jdk.proxy2/jdk.proxy2.$Proxy13.onException(Unknown Source)
at org.openqa.selenium.support.events.EventFiringWebDriver.lambda$new$1(EventFiringWebDriver.java:117)
at jdk.proxy2/jdk.proxy2.$Proxy14.getScreenshotAs(Unknown Source)
at org.openqa.selenium.support.events.EventFiringWebDriver.getScreenshotAs(EventFiringWebDriver.java:312)
at com.qa.utility.CommanUtility.ScreenShot(CommanUtility.java:18)
at com.qa.utility.WebDriverListener.onException(WebDriverListener.java:146)
at org.openqa.selenium.support.events.EventFiringWebDriver.lambda$new$0(EventFiringWebDriver.java:94)
at jdk.proxy2/jdk.proxy2.$Proxy13.onException(Unknown Source)
at org.openqa.selenium.support.events.EventFiringWebDriver.lambda$new$1(EventFiringWebDriver.java:117)
at jdk.proxy2/jdk.proxy2.$Proxy14.getScreenshotAs(Unknown Source)
at org.openqa.selenium.support.events.EventFiringWebDriver.getScreenshotAs(EventFiringWebDriver.java:312)
at com.qa.utility.CommanUtility.ScreenShot(CommanUtility.java:18)
at com.qa.utility.WebDriverListener.onException(WebDriverListener.java:146)
at org.openqa.selenium.support.events.EventFiringWebDriver.lambda$new$0(EventFiringWebDriver.java:94)
at jdk.proxy2/jdk.proxy2.$Proxy13.onException(Unknown Source)
at org.openqa.selenium.support.events.EventFiringWebDriver.lambda$new$1(EventFiringWebDriver.java:117)
at jdk.proxy2/jdk.proxy2.$Proxy14.getScreenshotAs(Unknown Source)
at org.openqa.selenium.support.events.EventFiringWebDriver.getScreenshotAs(EventFiringWebDriver.java:312)
at com.qa.utility.CommanUtility.ScreenShot(CommanUtility.java:18)
at com.qa.utility.WebDriverListener.onException(WebDriverListener.java:146)
at org.openqa.selenium.support.events.EventFiringWebDriver.lambda$new$0(EventFiringWebDriver.java:94)
at jdk.proxy2/jdk.proxy2.$Proxy13.onException(Unknown Source)
at org.openqa.selenium.support.events.EventFiringWebDriver.lambda$new$1(EventFiringWebDriver.java:117)
at jdk.proxy2/jdk.proxy2.$Proxy14.getScreenshotAs(Unknown Source)
at org.openqa.selenium.support.events.EventFiringWebDriver.getScreenshotAs(EventFiringWebDriver.java:312)
at com.qa.utility.CommanUtility.ScreenShot(CommanUtility.java:18)
at com.qa.utility.WebDriverListener.onException(WebDriverListener.java:146)
at org.openqa.selenium.support.events.EventFiringWebDriver.lambda$new$0(EventFiringWebDriver.java:94)
at jdk.proxy2/jdk.proxy2.$Proxy13.onException(Unknown Source)
at org.openqa.selenium.support.events.EventFiringWebDriver.lambda$new$1(EventFiringWebDriver.java:117)
at jdk.proxy2/jdk.proxy2.$Proxy14.getScreenshotAs(Unknown Source)
at org.openqa.selenium.support.events.EventFiringWebDriver.getScreenshotAs(EventFiringWebDriver.java:312)
at com.qa.utility.CommanUtility.ScreenShot(CommanUtility.java:18)
at com.qa.utility.WebDriverListener.onException(WebDriverListener.java:146)
at org.openqa.selenium.support.events.EventFiringWebDriver.lambda$new$0(EventFiringWebDriver.java:94)
at jdk.proxy2/jdk.proxy2.$Proxy13.onException(Unknown Source)
at org.openqa.selenium.support.events.EventFiringWebDriver.lambda$new$1(EventFiringWebDriver.java:117)
at jdk.proxy2/jdk.proxy2.$Proxy14.getScreenshotAs(Unknown Source)
at org.openqa.selenium.support.events.EventFiringWebDriver.getScreenshotAs(EventFiringWebDriver.java:312)
at com.qa.utility.CommanUtility.ScreenShot(CommanUtility.java:18)
at com.qa.utility.WebDriverListener.onException(WebDriverListener.java:146)
at org.openqa.selenium.support.events.EventFiringWebDriver.lambda$new$0(EventFiringWebDriver.java:94)
at jdk.proxy2/jdk.proxy2.$Proxy13.onException(Unknown Source)
at org.openqa.selenium.support.events.EventFiringWebDriver.lambda$new$1(EventFiringWebDriver.java:117)
at jdk.proxy2/jdk.proxy2.$Proxy14.getScreenshotAs(Unknown Source)
at org.openqa.selenium.support.events.EventFiringWebDriver.getScreenshotAs(EventFiringWebDriver.java:312)
at com.qa.utility.CommanUtility.ScreenShot(CommanUtility.java:18)
at com.qa.utility.WebDriverListener.onException(WebDriverListener.java:146)
at org.openqa.selenium.support.events.EventFiringWebDriver.lambda$new$0(EventFiringWebDriver.java:94)
at jdk.proxy2/jdk.proxy2.$Proxy13.onException(Unknown Source)
at org.openqa.selenium.support.events.EventFiringWebDriver.lambda$new$1(EventFiringWebDriver.java:117)
at jdk.proxy2/jdk.proxy2.$Proxy14.getScreenshotAs(Unknown Source)
at org.openqa.selenium.support.events.EventFiringWebDriver.getScreenshotAs(EventFiringWebDriver.java:312)
at com.qa.utility.CommanUtility.ScreenShot(CommanUtility.java:18)
at com.qa.utility.WebDriverListener.onException(WebDriverListener.java:146)
at org.openqa.selenium.support.events.EventFiringWebDriver.lambda$new$0(EventFiringWebDriver.java:94)
at jdk.proxy2/jdk.proxy2.$Proxy13.onException(Unknown Source)
at org.openqa.selenium.support.events.EventFiringWebDriver.lambda$new$1(EventFiringWebDriver.java:117)
at jdk.proxy2/jdk.proxy2.$Proxy14.getScreenshotAs(Unknown Source)
at org.openqa.selenium.support.events.EventFiringWebDriver.getScreenshotAs(EventFiringWebDriver.java:312)
at com.qa.utility.CommanUtility.ScreenShot(CommanUtility.java:18)
at com.qa.utility.WebDriverListener.onException(WebDriverListener.java:146)
at org.openqa.selenium.support.events.EventFiringWebDriver.lambda$new$0(EventFiringWebDriver.java:94)
at jdk.proxy2/jdk.proxy2.$Proxy13.onException(Unknown Source)
at org.openqa.selenium.support.events.EventFiringWebDriver.lambda$new$1(EventFiringWebDriver.java:117)
at jdk.proxy2/jdk.proxy2.$Proxy14.getScreenshotAs(Unknown Source)
at org.openqa.selenium.support.events.EventFiringWebDriver.getScreenshotAs(EventFiringWebDriver.java:312)
at com.qa.utility.CommanUtility.ScreenShot(CommanUtility.java:18)
at com.qa.utility.WebDriverListener.onException(WebDriverListener.java:146)
at org.openqa.selenium.support.events.EventFiringWebDriver.lambda$new$0(EventFiringWebDriver.java:94)
at jdk.proxy2/jdk.proxy2.$Proxy13.onException(Unknown Source)
at org.openqa.selenium.support.events.EventFiringWebDriver.lambda$new$1(EventFiringWebDriver.java:117)
at jdk.proxy2/jdk.proxy2.$Proxy14.getScreenshotAs(Unknown Source)
at org.openqa.selenium.support.events.EventFiringWebDriver.getScreenshotAs(EventFiringWebDriver.java:312)
at com.qa.utility.CommanUtility.ScreenShot(CommanUtility.java:18)
at com.qa.utility.WebDriverListener.onException(WebDriverListener.java:146)
at org.openqa.selenium.support.events.EventFiringWebDriver.lambda$new$0(EventFiringWebDriver.java:94)
at jdk.proxy2/jdk.proxy2.$Proxy13.onException(Unknown Source)
at org.openqa.selenium.support.events.EventFiringWebDriver.lambda$new$1(EventFiringWebDriver.java:117)
at jdk.proxy2/jdk.proxy2.$Proxy14.getScreenshotAs(Unknown Source)
at org.openqa.selenium.support.events.EventFiringWebDriver.getScreenshotAs(EventFiringWebDriver.java:312)
at com.qa.utility.CommanUtility.ScreenShot(CommanUtility.java:18)
at com.qa.utility.WebDriverListener.onException(WebDriverListener.java:146)
at org.openqa.selenium.support.events.EventFiringWebDriver.lambda$new$0(EventFiringWebDriver.java:94)
at jdk.proxy2/jdk.proxy2.$Proxy13.onException(Unknown Source)
at org.openqa.selenium.support.events.EventFiringWebDriver.lambda$new$1(EventFiringWebDriver.java:117)
at jdk.proxy2/jdk.proxy2.$Proxy14.getScreenshotAs(Unknown Source)
at org.openqa.selenium.support.events.EventFiringWebDriver.getScreenshotAs(EventFiringWebDriver.java:312)
at com.qa.utility.CommanUtility.ScreenShot(CommanUtility.java:18)
at com.qa.utility.WebDriverListener.onException(WebDriverListener.java:146)
at org.openqa.selenium.support.events.EventFiringWebDriver.lambda$new$0(EventFiringWebDriver.java:94)
at jdk.proxy2/jdk.proxy2.$Proxy13.onException(Unknown Source)
at org.openqa.selenium.support.events.EventFiringWebDriver.lambda$new$1(EventFiringWebDriver.java:117)
at jdk.proxy2/jdk.proxy2.$Proxy14.getScreenshotAs(Unknown Source)
at org.openqa.selenium.support.events.EventFiringWebDriver.getScreenshotAs(EventFiringWebDriver.java:312)
at com.qa.utility.CommanUtility.ScreenShot(CommanUtility.java:18)
at com.qa.utility.WebDriverListener.onException(WebDriverListener.java:146)
at org.openqa.selenium.support.events.EventFiringWebDriver.lambda$new$0(EventFiringWebDriver.java:94)
at jdk.proxy2/jdk.proxy2.$Proxy13.onException(Unknown Source)
at org.openqa.selenium.support.events.EventFiringWebDriver.lambda$new$1(EventFiringWebDriver.java:117)
at jdk.proxy2/jdk.proxy2.$Proxy14.getScreenshotAs(Unknown Source)
at org.openqa.selenium.support.events.EventFiringWebDriver.getScreenshotAs(EventFiringWebDriver.java:312)
at com.qa.utility.CommanUtility.ScreenShot(CommanUtility.java:18)
at com.qa.utility.WebDriverListener.onException(WebDriverListener.java:146)
at org.openqa.selenium.support.events.EventFiringWebDriver.lambda$new$0(EventFiringWebDriver.java:94)
at jdk.proxy2/jdk.proxy2.$Proxy13.onException(Unknown Source)
at org.openqa.selenium.support.events.EventFiringWebDriver.lambda$new$1(EventFiringWebDriver.java:117)
at jdk.proxy2/jdk.proxy2.$Proxy14.getScreenshotAs(Unknown Source)
at org.openqa.selenium.support.events.EventFiringWebDriver.getScreenshotAs(EventFiringWebDriver.java:312)
at com.qa.utility.CommanUtility.ScreenShot(CommanUtility.java:18)
at com.qa.utility.WebDriverListener.onException(WebDriverListener.java:146)
at org.openqa.selenium.support.events.EventFiringWebDriver.lambda$new$0(EventFiringWebDriver.java:94)
at jdk.proxy2/jdk.proxy2.$Proxy13.onException(Unknown Source)
at org.openqa.selenium.support.events.EventFiringWebDriver.lambda$new$1(EventFiringWebDriver.java:117)
at jdk.proxy2/jdk.proxy2.$Proxy14.getScreenshotAs(Unknown Source)
at org.openqa.selenium.support.events.EventFiringWebDriver.getScreenshotAs(EventFiringWebDriver.java:312)
at com.qa.utility.CommanUtility.ScreenShot(CommanUtility.java:18)
at com.qa.utility.WebDriverListener.onException(WebDriverListener.java:146)
at org.openqa.selenium.support.events.EventFiringWebDriver.lambda$new$0(EventFiringWebDriver.java:94)
at jdk.proxy2/jdk.proxy2.$Proxy13.onException(Unknown Source)
at org.openqa.selenium.support.events.EventFiringWebDriver.lambda$new$1(EventFiringWebDriver.java:117)
at jdk.proxy2/jdk.proxy2.$Proxy14.getScreenshotAs(Unknown Source)
at org.openqa.selenium.support.events.EventFiringWebDriver.getScreenshotAs(EventFiringWebDriver.java:312)
at com.qa.utility.CommanUtility.ScreenShot(CommanUtility.java:18)
at com.qa.utility.WebDriverListener.onException(WebDriverListener.java:146)
at org.openqa.selenium.support.events.EventFiringWebDriver.lambda$new$0(EventFiringWebDriver.java:94)
at jdk.proxy2/jdk.proxy2.$Proxy13.onException(Unknown Source)
at org.openqa.selenium.support.events.EventFiringWebDriver.lambda$new$1(EventFiringWebDriver.java:117)
at jdk.proxy2/jdk.proxy2.$Proxy14.getScreenshotAs(Unknown Source)
at org.openqa.selenium.support.events.EventFiringWebDriver.getScreenshotAs(EventFiringWebDriver.java:312)
at com.qa.utility.CommanUtility.ScreenShot(CommanUtility.java:18)
at com.qa.utility.WebDriverListener.onException(WebDriverListener.java:146)
at org.openqa.selenium.support.events.EventFiringWebDriver.lambda$new$0(EventFiringWebDriver.java:94)
at jdk.proxy2/jdk.proxy2.$Proxy13.onException(Unknown Source)
at org.openqa.selenium.support.events.EventFiringWebDriver.lambda$new$1(EventFiringWebDriver.java:117)
at jdk.proxy2/jdk.proxy2.$Proxy14.getScreenshotAs(Unknown Source)
at org.openqa.selenium.support.events.EventFiringWebDriver.getScreenshotAs(EventFiringWebDriver.java:312)
at com.qa.utility.CommanUtility.ScreenShot(CommanUtility.java:18)
at com.qa.utility.WebDriverListener.onException(WebDriverListener.java:146)
at org.openqa.selenium.support.events.EventFiringWebDriver.lambda$new$0(EventFiringWebDriver.java:94)
at jdk.proxy2/jdk.proxy2.$Proxy13.onException(Unknown Source)
at org.openqa.selenium.support.events.EventFiringWebDriver.lambda$new$1(EventFiringWebDriver.java:117)
at jdk.proxy2/jdk.proxy2.$Proxy14.getScreenshotAs(Unknown Source)
at org.openqa.selenium.support.events.EventFiringWebDriver.getScreenshotAs(EventFiringWebDriver.java:312)
at com.qa.utility.CommanUtility.ScreenShot(CommanUtility.java:18)
at com.qa.utility.WebDriverListener.onException(WebDriverListener.java:146)
at org.openqa.selenium.support.events.EventFiringWebDriver.lambda$new$0(EventFiringWebDriver.java:94)
at jdk.proxy2/jdk.proxy2.$Proxy13.onException(Unknown Source)
at org.openqa.selenium.support.events.EventFiringWebDriver.lambda$new$1(EventFiringWebDriver.java:117)
at jdk.proxy2/jdk.proxy2.$Proxy14.getScreenshotAs(Unknown Source)
at org.openqa.selenium.support.events.EventFiringWebDriver.getScreenshotAs(EventFiringWebDriver.java:312)
at com.qa.utility.CommanUtility.ScreenShot(CommanUtility.java:18)
at com.qa.utility.WebDriverListener.onException(WebDriverListener.java:146)
at org.openqa.selenium.support.events.EventFiringWebDriver.lambda$new$0(EventFiringWebDriver.java:94)
at jdk.proxy2/jdk.proxy2.$Proxy13.onException(Unknown Source)
at org.openqa.selenium.support.events.EventFiringWebDriver.lambda$new$1(EventFiringWebDriver.java:117)
at jdk.proxy2/jdk.proxy2.$Proxy14.getScreenshotAs(Unknown Source)
at org.openqa.selenium.support.events.EventFiringWebDriver.getScreenshotAs(EventFiringWebDriver.java:312)
at com.qa.utility.CommanUtility.ScreenShot(CommanUtility.java:18)
at com.qa.utility.WebDriverListener.onException(WebDriverListener.java:146)
at org.openqa.selenium.support.events.EventFiringWebDriver.lambda$new$0(EventFiringWebDriver.java:94)
at jdk.proxy2/jdk.proxy2.$Proxy13.onException(Unknown Source)
at org.openqa.selenium.support.events.EventFiringWebDriver.lambda$new$1(EventFiringWebDriver.java:117)
at jdk.proxy2/jdk.proxy2.$Proxy14.getScreenshotAs(Unknown Source)
at org.openqa.selenium.support.events.EventFiringWebDriver.getScreenshotAs(EventFiringWebDriver.java:312)
at com.qa.utility.CommanUtility.ScreenShot(CommanUtility.java:18)
at com.qa.utility.WebDriverListener.onException(WebDriverListener.java:146)
at org.openqa.selenium.support.events.EventFiringWebDriver.lambda$new$0(EventFiringWebDriver.java:94)
at jdk.proxy2/jdk.proxy2.$Proxy13.onException(Unknown Source)
at org.openqa.selenium.support.events.EventFiringWebDriver.lambda$new$1(EventFiringWebDriver.java:117)
at jdk.proxy2/jdk.proxy2.$Proxy14.getScreenshotAs(Unknown Source)
at org.openqa.selenium.support.events.EventFiringWebDriver.getScreenshotAs(EventFiringWebDriver.java:312)
at com.qa.utility.CommanUtility.ScreenShot(CommanUtility.java:18)
at com.qa.utility.WebDriverListener.onException(WebDriverListener.java:146)
at org.openqa.selenium.support.events.EventFiringWebDriver.lambda$new$0(EventFiringWebDriver.java:94)
at jdk.proxy2/jdk.proxy2.$Proxy13.onException(Unknown Source)
at org.openqa.selenium.support.events.EventFiringWebDriver.lambda$new$1(EventFiringWebDriver.java:117)
at jdk.proxy2/jdk.proxy2.$Proxy14.getScreenshotAs(Unknown Source)
at org.openqa.selenium.support.events.EventFiringWebDriver.getScreenshotAs(EventFiringWebDriver.java:312)
at com.qa.utility.CommanUtility.ScreenShot(CommanUtility.java:18)
at com.qa.utility.WebDriverListener.onException(WebDriverListener.java:146)
at org.openqa.selenium.support.events.EventFiringWebDriver.lambda$new$0(EventFiringWebDriver.java:94)
at jdk.proxy2/jdk.proxy2.$Proxy13.onException(Unknown Source)
at org.openqa.selenium.support.events.EventFiringWebDriver.lambda$new$1(EventFiringWebDriver.java:117)
at jdk.proxy2/jdk.proxy2.$Proxy14.getScreenshotAs(Unknown Source)
at org.openqa.selenium.support.events.EventFiringWebDriver.getScreenshotAs(EventFiringWebDriver.java:312)
at com.qa.utility.CommanUtility.ScreenShot(CommanUtility.java:18)
at com.qa.utility.WebDriverListener.onException(WebDriverListener.java:146)
... Removed 308 stack frames]]>
    </failure>
  </testcase> <!-- VerifyFunctionalityofSportElement -->
</testsuite> <!-- Test -->
